<?xml version="1.0" encoding="UTF-8"?>
<coverage generated="1657808514165" clover="3.2.0">
  <project timestamp="1657808514165" name="All files">
    <metrics statements="231" coveredstatements="131" conditionals="52" coveredconditionals="16" methods="97" coveredmethods="46" elements="380" coveredelements="193" complexity="0" loc="231" ncloc="231" packages="11" files="23" classes="23"/>
    <package name="src">
      <metrics statements="29" coveredstatements="9" conditionals="4" coveredconditionals="0" methods="8" coveredmethods="2"/>
      <file name="App.jsx" path="C:\Users\Avira\OneDrive\שולחן העבודה\js\mondayU\monday-u-exercises\src\ex4\client\src\App.jsx">
        <metrics statements="1" coveredstatements="1" conditionals="0" coveredconditionals="0" methods="1" coveredmethods="1"/>
        <line num="4" count="1" type="stmt"/>
      </file>
      <file name="index.js" path="C:\Users\Avira\OneDrive\שולחן העבודה\js\mondayU\monday-u-exercises\src\ex4\client\src\index.js">
        <metrics statements="3" coveredstatements="0" conditionals="0" coveredconditionals="0" methods="0" coveredmethods="0"/>
        <line num="9" count="0" type="stmt"/>
        <line num="10" count="0" type="stmt"/>
        <line num="19" count="0" type="stmt"/>
      </file>
      <file name="item_client.js" path="C:\Users\Avira\OneDrive\שולחן העבודה\js\mondayU\monday-u-exercises\src\ex4\client\src\item_client.js">
        <metrics statements="16" coveredstatements="7" conditionals="0" coveredconditionals="0" methods="5" coveredmethods="1"/>
        <line num="3" count="2" type="stmt"/>
        <line num="4" count="2" type="stmt"/>
        <line num="5" count="0" type="stmt"/>
        <line num="11" count="2" type="stmt"/>
        <line num="12" count="0" type="stmt"/>
        <line num="17" count="0" type="stmt"/>
        <line num="23" count="2" type="stmt"/>
        <line num="24" count="0" type="stmt"/>
        <line num="31" count="0" type="stmt"/>
        <line num="37" count="2" type="stmt"/>
        <line num="38" count="0" type="stmt"/>
        <line num="44" count="0" type="stmt"/>
        <line num="47" count="2" type="stmt"/>
        <line num="48" count="0" type="stmt"/>
        <line num="54" count="0" type="stmt"/>
        <line num="57" count="2" type="stmt"/>
      </file>
      <file name="reportWebVitals.js" path="C:\Users\Avira\OneDrive\שולחן העבודה\js\mondayU\monday-u-exercises\src\ex4\client\src\reportWebVitals.js">
        <metrics statements="8" coveredstatements="0" conditionals="4" coveredconditionals="0" methods="2" coveredmethods="0"/>
        <line num="1" count="0" type="stmt"/>
        <line num="2" count="0" type="cond" truecount="0" falsecount="4"/>
        <line num="3" count="0" type="stmt"/>
        <line num="4" count="0" type="stmt"/>
        <line num="5" count="0" type="stmt"/>
        <line num="6" count="0" type="stmt"/>
        <line num="7" count="0" type="stmt"/>
        <line num="8" count="0" type="stmt"/>
      </file>
      <file name="store.js" path="C:\Users\Avira\OneDrive\שולחן העבודה\js\mondayU\monday-u-exercises\src\ex4\client\src\store.js">
        <metrics statements="1" coveredstatements="1" conditionals="0" coveredconditionals="0" methods="0" coveredmethods="0"/>
        <line num="5" count="2" type="stmt"/>
      </file>
    </package>
    <package name="src.components.buttonComp">
      <metrics statements="5" coveredstatements="3" conditionals="0" coveredconditionals="0" methods="3" coveredmethods="2"/>
      <file name="ButtonComp.jsx" path="C:\Users\Avira\OneDrive\שולחן העבודה\js\mondayU\monday-u-exercises\src\ex4\client\src\components\buttonComp\ButtonComp.jsx">
        <metrics statements="5" coveredstatements="3" conditionals="0" coveredconditionals="0" methods="3" coveredmethods="2"/>
        <line num="4" count="11" type="stmt"/>
        <line num="5" count="11" type="stmt"/>
        <line num="9" count="0" type="stmt"/>
        <line num="10" count="0" type="stmt"/>
        <line num="18" count="11" type="stmt"/>
      </file>
    </package>
    <package name="src.components.inputComp">
      <metrics statements="20" coveredstatements="11" conditionals="5" coveredconditionals="0" methods="9" coveredmethods="4"/>
      <file name="InputComp.jsx" path="C:\Users\Avira\OneDrive\שולחן העבודה\js\mondayU\monday-u-exercises\src\ex4\client\src\components\inputComp\InputComp.jsx">
        <metrics statements="16" coveredstatements="7" conditionals="5" coveredconditionals="0" methods="7" coveredmethods="2"/>
        <line num="13" count="2" type="stmt"/>
        <line num="14" count="2" type="stmt"/>
        <line num="16" count="2" type="stmt"/>
        <line num="17" count="0" type="stmt"/>
        <line num="18" count="0" type="stmt"/>
        <line num="19" count="0" type="stmt"/>
        <line num="20" count="0" type="stmt"/>
        <line num="23" count="2" type="stmt"/>
        <line num="25" count="0" type="cond" truecount="0" falsecount="5"/>
        <line num="26" count="0" type="stmt"/>
        <line num="32" count="2" type="stmt"/>
        <line num="33" count="2" type="stmt"/>
        <line num="36" count="2" type="stmt"/>
        <line num="43" count="0" type="stmt"/>
        <line num="45" count="0" type="stmt"/>
        <line num="53" count="0" type="stmt"/>
      </file>
      <file name="InputCompConnector.js" path="C:\Users\Avira\OneDrive\שולחן העבודה\js\mondayU\monday-u-exercises\src\ex4\client\src\components\inputComp\InputCompConnector.js">
        <metrics statements="4" coveredstatements="4" conditionals="0" coveredconditionals="0" methods="2" coveredmethods="2"/>
        <line num="10" count="2" type="stmt"/>
        <line num="11" count="4" type="stmt"/>
        <line num="14" count="2" type="stmt"/>
        <line num="15" count="2" type="stmt"/>
      </file>
    </package>
    <package name="src.components.itemComp">
      <metrics statements="19" coveredstatements="10" conditionals="2" coveredconditionals="1" methods="10" coveredmethods="4"/>
      <file name="ItemComp.jsx" path="C:\Users\Avira\OneDrive\שולחן העבודה\js\mondayU\monday-u-exercises\src\ex4\client\src\components\itemComp\ItemComp.jsx">
        <metrics statements="19" coveredstatements="10" conditionals="2" coveredconditionals="1" methods="10" coveredmethods="4"/>
        <line num="13" count="9" type="stmt"/>
        <line num="14" count="9" type="stmt"/>
        <line num="16" count="9" type="stmt"/>
        <line num="17" count="0" type="stmt"/>
        <line num="21" count="0" type="stmt"/>
        <line num="28" count="0" type="stmt"/>
        <line num="37" count="0" type="stmt"/>
        <line num="38" count="0" type="stmt"/>
        <line num="46" count="9" type="stmt"/>
        <line num="47" count="9" type="stmt"/>
        <line num="50" count="0" type="stmt"/>
        <line num="63" count="9" type="stmt"/>
        <line num="64" count="5" type="stmt"/>
        <line num="68" count="0" type="stmt"/>
        <line num="69" count="0" type="stmt"/>
        <line num="70" count="0" type="stmt"/>
        <line num="77" count="9" type="stmt"/>
        <line num="78" count="9" type="stmt"/>
        <line num="86" count="9" type="stmt"/>
      </file>
    </package>
    <package name="src.components.itemsComp">
      <metrics statements="22" coveredstatements="17" conditionals="8" coveredconditionals="6" methods="9" coveredmethods="6"/>
      <file name="ItemsComp.jsx" path="C:\Users\Avira\OneDrive\שולחן העבודה\js\mondayU\monday-u-exercises\src\ex4\client\src\components\itemsComp\ItemsComp.jsx">
        <metrics statements="16" coveredstatements="15" conditionals="8" coveredconditionals="6" methods="7" coveredmethods="6"/>
        <line num="14" count="5" type="stmt"/>
        <line num="16" count="5" type="stmt"/>
        <line num="17" count="3" type="cond" truecount="4" falsecount="0"/>
        <line num="18" count="1" type="stmt"/>
        <line num="19" count="2" type="stmt"/>
        <line num="21" count="1" type="stmt"/>
        <line num="22" count="2" type="cond" truecount="2" falsecount="0"/>
        <line num="23" count="1" type="stmt"/>
        <line num="24" count="2" type="stmt"/>
        <line num="26" count="1" type="stmt"/>
        <line num="28" count="1" type="stmt"/>
        <line num="32" count="5" type="stmt"/>
        <line num="33" count="5" type="stmt"/>
        <line num="36" count="7" type="stmt"/>
        <line num="41" count="0" type="stmt"/>
        <line num="54" count="5" type="stmt"/>
      </file>
      <file name="ItemsCompConnector.js" path="C:\Users\Avira\OneDrive\שולחן העבודה\js\mondayU\monday-u-exercises\src\ex4\client\src\components\itemsComp\ItemsCompConnector.js">
        <metrics statements="6" coveredstatements="2" conditionals="0" coveredconditionals="0" methods="2" coveredmethods="0"/>
        <line num="11" count="2" type="stmt"/>
        <line num="12" count="0" type="stmt"/>
        <line num="13" count="0" type="stmt"/>
        <line num="14" count="0" type="stmt"/>
        <line num="17" count="2" type="stmt"/>
        <line num="18" count="0" type="stmt"/>
      </file>
    </package>
    <package name="src.components.numOfItemsComp">
      <metrics statements="8" coveredstatements="8" conditionals="0" coveredconditionals="0" methods="4" coveredmethods="4"/>
      <file name="NumOfItemsComp.jsx" path="C:\Users\Avira\OneDrive\שולחן העבודה\js\mondayU\monday-u-exercises\src\ex4\client\src\components\numOfItemsComp\NumOfItemsComp.jsx">
        <metrics statements="3" coveredstatements="3" conditionals="0" coveredconditionals="0" methods="2" coveredmethods="2"/>
        <line num="4" count="2" type="stmt"/>
        <line num="5" count="2" type="stmt"/>
        <line num="7" count="2" type="stmt"/>
      </file>
      <file name="NumOfItemsCompConnector.js" path="C:\Users\Avira\OneDrive\שולחן העבודה\js\mondayU\monday-u-exercises\src\ex4\client\src\components\numOfItemsComp\NumOfItemsCompConnector.js">
        <metrics statements="5" coveredstatements="5" conditionals="0" coveredconditionals="0" methods="2" coveredmethods="2"/>
        <line num="6" count="2" type="stmt"/>
        <line num="7" count="4" type="stmt"/>
        <line num="8" count="4" type="stmt"/>
        <line num="11" count="2" type="stmt"/>
        <line num="12" count="2" type="stmt"/>
      </file>
    </package>
    <package name="src.components.todoListComp">
      <metrics statements="34" coveredstatements="28" conditionals="6" coveredconditionals="2" methods="16" coveredmethods="11"/>
      <file name="TodoListComp.jsx" path="C:\Users\Avira\OneDrive\שולחן העבודה\js\mondayU\monday-u-exercises\src\ex4\client\src\components\todoListComp\TodoListComp.jsx">
        <metrics statements="27" coveredstatements="21" conditionals="6" coveredconditionals="2" methods="14" coveredmethods="9"/>
        <line num="20" count="4" type="stmt"/>
        <line num="22" count="4" type="stmt"/>
        <line num="23" count="2" type="stmt"/>
        <line num="24" count="2" type="stmt"/>
        <line num="25" count="0" type="stmt"/>
        <line num="27" count="2" type="stmt"/>
        <line num="30" count="4" type="stmt"/>
        <line num="31" count="2" type="stmt"/>
        <line num="32" count="2" type="stmt"/>
        <line num="33" count="0" type="stmt"/>
        <line num="35" count="2" type="stmt"/>
        <line num="38" count="4" type="stmt"/>
        <line num="39" count="0" type="stmt"/>
        <line num="42" count="4" type="stmt"/>
        <line num="43" count="2" type="stmt"/>
        <line num="53" count="4" type="stmt"/>
        <line num="54" count="4" type="stmt"/>
        <line num="66" count="0" type="stmt"/>
        <line num="76" count="4" type="stmt"/>
        <line num="77" count="0" type="stmt"/>
        <line num="80" count="4" type="stmt"/>
        <line num="81" count="0" type="stmt"/>
        <line num="94" count="4" type="stmt"/>
        <line num="95" count="4" type="stmt"/>
        <line num="105" count="4" type="stmt"/>
        <line num="106" count="4" type="stmt"/>
        <line num="125" count="4" type="stmt"/>
      </file>
      <file name="TodoListCompConnector.js" path="C:\Users\Avira\OneDrive\שולחן העבודה\js\mondayU\monday-u-exercises\src\ex4\client\src\components\todoListComp\TodoListCompConnector.js">
        <metrics statements="7" coveredstatements="7" conditionals="0" coveredconditionals="0" methods="2" coveredmethods="2"/>
        <line num="19" count="2" type="stmt"/>
        <line num="20" count="4" type="stmt"/>
        <line num="21" count="4" type="stmt"/>
        <line num="22" count="4" type="stmt"/>
        <line num="23" count="4" type="stmt"/>
        <line num="26" count="2" type="stmt"/>
        <line num="27" count="2" type="stmt"/>
      </file>
    </package>
    <package name="src.redux.actions">
      <metrics statements="59" coveredstatements="24" conditionals="14" coveredconditionals="0" methods="27" coveredmethods="6"/>
      <file name="itemsEntitiesActions.js" path="C:\Users\Avira\OneDrive\שולחן העבודה\js\mondayU\monday-u-exercises\src\ex4\client\src\redux\actions\itemsEntitiesActions.js">
        <metrics statements="44" coveredstatements="15" conditionals="14" coveredconditionals="0" methods="18" coveredmethods="3"/>
        <line num="4" count="2" type="stmt"/>
        <line num="5" count="2" type="stmt"/>
        <line num="6" count="0" type="cond" truecount="0" falsecount="2"/>
        <line num="7" count="0" type="stmt"/>
        <line num="11" count="2" type="stmt"/>
        <line num="12" count="2" type="stmt"/>
        <line num="13" count="2" type="stmt"/>
        <line num="17" count="2" type="stmt"/>
        <line num="18" count="0" type="stmt"/>
        <line num="19" count="0" type="cond" truecount="0" falsecount="2"/>
        <line num="20" count="0" type="stmt"/>
        <line num="24" count="2" type="stmt"/>
        <line num="25" count="0" type="stmt"/>
        <line num="26" count="0" type="stmt"/>
        <line num="30" count="2" type="stmt"/>
        <line num="31" count="0" type="stmt"/>
        <line num="32" count="0" type="cond" truecount="0" falsecount="2"/>
        <line num="33" count="0" type="stmt"/>
        <line num="40" count="2" type="stmt"/>
        <line num="41" count="0" type="stmt"/>
        <line num="42" count="0" type="stmt"/>
        <line num="46" count="2" type="stmt"/>
        <line num="47" count="0" type="stmt"/>
        <line num="48" count="0" type="cond" truecount="0" falsecount="2"/>
        <line num="49" count="0" type="stmt"/>
        <line num="56" count="2" type="stmt"/>
        <line num="57" count="0" type="stmt"/>
        <line num="58" count="0" type="stmt"/>
        <line num="62" count="2" type="stmt"/>
        <line num="63" count="0" type="stmt"/>
        <line num="64" count="0" type="cond" truecount="0" falsecount="2"/>
        <line num="65" count="0" type="stmt"/>
        <line num="69" count="2" type="stmt"/>
        <line num="70" count="0" type="stmt"/>
        <line num="71" count="0" type="stmt"/>
        <line num="75" count="2" type="stmt"/>
        <line num="76" count="0" type="stmt"/>
        <line num="78" count="0" type="cond" truecount="0" falsecount="4"/>
        <line num="80" count="0" type="stmt"/>
        <line num="82" count="0" type="stmt"/>
        <line num="84" count="0" type="stmt"/>
        <line num="89" count="2" type="stmt"/>
        <line num="90" count="0" type="stmt"/>
        <line num="91" count="0" type="stmt"/>
      </file>
      <file name="itemsViewActions.js" path="C:\Users\Avira\OneDrive\שולחן העבודה\js\mondayU\monday-u-exercises\src\ex4\client\src\redux\actions\itemsViewActions.js">
        <metrics statements="15" coveredstatements="9" conditionals="0" coveredconditionals="0" methods="9" coveredmethods="3"/>
        <line num="3" count="2" type="stmt"/>
        <line num="4" count="0" type="stmt"/>
        <line num="7" count="2" type="stmt"/>
        <line num="8" count="0" type="stmt"/>
        <line num="9" count="0" type="stmt"/>
        <line num="13" count="2" type="stmt"/>
        <line num="14" count="0" type="stmt"/>
        <line num="17" count="2" type="stmt"/>
        <line num="18" count="0" type="stmt"/>
        <line num="19" count="0" type="stmt"/>
        <line num="23" count="2" type="stmt"/>
        <line num="24" count="2" type="stmt"/>
        <line num="27" count="2" type="stmt"/>
        <line num="28" count="2" type="stmt"/>
        <line num="29" count="2" type="stmt"/>
      </file>
    </package>
    <package name="src.redux.actions.constants">
      <metrics statements="1" coveredstatements="1" conditionals="0" coveredconditionals="0" methods="0" coveredmethods="0"/>
      <file name="index.js" path="C:\Users\Avira\OneDrive\שולחן העבודה\js\mondayU\monday-u-exercises\src\ex4\client\src\redux\actions\constants\index.js">
        <metrics statements="1" coveredstatements="1" conditionals="0" coveredconditionals="0" methods="0" coveredmethods="0"/>
        <line num="1" count="3" type="stmt"/>
      </file>
    </package>
    <package name="src.redux.reducers">
      <metrics statements="27" coveredstatements="13" conditionals="13" coveredconditionals="7" methods="4" coveredmethods="2"/>
      <file name="index.js" path="C:\Users\Avira\OneDrive\שולחן העבודה\js\mondayU\monday-u-exercises\src\ex4\client\src\redux\reducers\index.js">
        <metrics statements="1" coveredstatements="1" conditionals="0" coveredconditionals="0" methods="0" coveredmethods="0"/>
        <line num="5" count="2" type="stmt"/>
      </file>
      <file name="items-entities-reducer.js" path="C:\Users\Avira\OneDrive\שולחן העבודה\js\mondayU\monday-u-exercises\src\ex4\client\src\redux\reducers\items-entities-reducer.js">
        <metrics statements="18" coveredstatements="6" conditionals="8" coveredconditionals="4" methods="3" coveredmethods="1"/>
        <line num="3" count="3" type="stmt"/>
        <line num="8" count="3" type="cond" truecount="1" falsecount="0"/>
        <line num="9" count="12" type="cond" truecount="3" falsecount="2"/>
        <line num="11" count="2" type="stmt"/>
        <line num="14" count="1" type="stmt"/>
        <line num="25" count="0" type="stmt"/>
        <line num="26" count="0" type="stmt"/>
        <line num="28" count="0" type="stmt"/>
        <line num="40" count="0" type="stmt"/>
        <line num="41" count="0" type="stmt"/>
        <line num="43" count="0" type="stmt"/>
        <line num="44" count="0" type="stmt"/>
        <line num="45" count="0" type="stmt"/>
        <line num="46" count="0" type="stmt"/>
        <line num="47" count="0" type="stmt"/>
        <line num="48" count="0" type="stmt"/>
        <line num="59" count="0" type="stmt"/>
        <line num="61" count="9" type="stmt"/>
      </file>
      <file name="items-view-reducer.js" path="C:\Users\Avira\OneDrive\שולחן העבודה\js\mondayU\monday-u-exercises\src\ex4\client\src\redux\reducers\items-view-reducer.js">
        <metrics statements="8" coveredstatements="6" conditionals="5" coveredconditionals="3" methods="1" coveredmethods="1"/>
        <line num="3" count="2" type="stmt"/>
        <line num="9" count="2" type="cond" truecount="1" falsecount="0"/>
        <line num="10" count="8" type="cond" truecount="2" falsecount="2"/>
        <line num="12" count="0" type="stmt"/>
        <line num="15" count="0" type="stmt"/>
        <line num="18" count="2" type="stmt"/>
        <line num="19" count="2" type="stmt"/>
        <line num="21" count="6" type="stmt"/>
      </file>
    </package>
    <package name="src.redux.selectors">
      <metrics statements="7" coveredstatements="7" conditionals="0" coveredconditionals="0" methods="7" coveredmethods="5"/>
      <file name="items-entities-selectors.js" path="C:\Users\Avira\OneDrive\שולחן העבודה\js\mondayU\monday-u-exercises\src\ex4\client\src\redux\selectors\items-entities-selectors.js">
        <metrics statements="3" coveredstatements="3" conditionals="0" coveredconditionals="0" methods="3" coveredmethods="3"/>
        <line num="1" count="12" type="stmt"/>
        <line num="2" count="8" type="stmt"/>
        <line num="3" count="4" type="stmt"/>
      </file>
      <file name="items-view-selectors.js" path="C:\Users\Avira\OneDrive\שולחן העבודה\js\mondayU\monday-u-exercises\src\ex4\client\src\redux\selectors\items-view-selectors.js">
        <metrics statements="4" coveredstatements="4" conditionals="0" coveredconditionals="0" methods="4" coveredmethods="2"/>
        <line num="1" count="4" type="stmt"/>
        <line num="2" count="4" type="stmt"/>
        <line num="3" count="2" type="stmt"/>
        <line num="4" count="2" type="stmt"/>
      </file>
    </package>
  </project>
</coverage>
