{"C:\\Users\\Avira\\OneDrive\\שולחן העבודה\\js\\mondayU\\monday-u-exercises\\src\\ex4\\client\\src\\App.jsx": {"path":"C:\\Users\\Avira\\OneDrive\\שולחן העבודה\\js\\mondayU\\monday-u-exercises\\src\\ex4\\client\\src\\App.jsx","statementMap":{"0":{"start":{"line":4,"column":1},"end":{"line":4,"column":34}}},"fnMap":{"0":{"name":"App","decl":{"start":{"line":3,"column":9},"end":{"line":3,"column":12}},"loc":{"start":{"line":3,"column":15},"end":{"line":5,"column":1}},"line":3}},"branchMap":{},"s":{"0":1},"f":{"0":1},"b":{},"_coverageSchema":"1a1c01bbd47fc00a2c39e90264f33305004495a9","hash":"85f7f2cf1bbc8f8248273489c9c3356996fcad81"}
,"C:\\Users\\Avira\\OneDrive\\שולחן העבודה\\js\\mondayU\\monday-u-exercises\\src\\ex4\\client\\src\\index.js": {"path":"C:\\Users\\Avira\\OneDrive\\שולחן העבודה\\js\\mondayU\\monday-u-exercises\\src\\ex4\\client\\src\\index.js","statementMap":{"0":{"start":{"line":9,"column":13},"end":{"line":9,"column":65}},"1":{"start":{"line":10,"column":0},"end":{"line":14,"column":2}},"2":{"start":{"line":19,"column":0},"end":{"line":19,"column":18}}},"fnMap":{},"branchMap":{},"s":{"0":0,"1":0,"2":0},"f":{},"b":{}}
,"C:\\Users\\Avira\\OneDrive\\שולחן העבודה\\js\\mondayU\\monday-u-exercises\\src\\ex4\\client\\src\\item_client.js": {"path":"C:\\Users\\Avira\\OneDrive\\שולחן העבודה\\js\\mondayU\\monday-u-exercises\\src\\ex4\\client\\src\\item_client.js","statementMap":{"0":{"start":{"line":3,"column":20},"end":{"line":9,"column":1}},"1":{"start":{"line":4,"column":13},"end":{"line":4,"column":34}},"2":{"start":{"line":5,"column":1},"end":{"line":8,"column":3}},"3":{"start":{"line":11,"column":16},"end":{"line":21,"column":1}},"4":{"start":{"line":12,"column":13},"end":{"line":16,"column":3}},"5":{"start":{"line":17,"column":1},"end":{"line":20,"column":3}},"6":{"start":{"line":23,"column":19},"end":{"line":35,"column":1}},"7":{"start":{"line":24,"column":13},"end":{"line":30,"column":3}},"8":{"start":{"line":31,"column":1},"end":{"line":34,"column":3}},"9":{"start":{"line":37,"column":19},"end":{"line":45,"column":1}},"10":{"start":{"line":38,"column":13},"end":{"line":43,"column":3}},"11":{"start":{"line":44,"column":1},"end":{"line":44,"column":67}},"12":{"start":{"line":47,"column":17},"end":{"line":55,"column":1}},"13":{"start":{"line":48,"column":13},"end":{"line":53,"column":3}},"14":{"start":{"line":54,"column":1},"end":{"line":54,"column":15}},"15":{"start":{"line":57,"column":0},"end":{"line":63,"column":2}}},"fnMap":{"0":{"name":"(anonymous_0)","decl":{"start":{"line":3,"column":20},"end":{"line":3,"column":21}},"loc":{"start":{"line":3,"column":32},"end":{"line":9,"column":1}},"line":3},"1":{"name":"(anonymous_1)","decl":{"start":{"line":11,"column":16},"end":{"line":11,"column":17}},"loc":{"start":{"line":11,"column":32},"end":{"line":21,"column":1}},"line":11},"2":{"name":"(anonymous_2)","decl":{"start":{"line":23,"column":19},"end":{"line":23,"column":20}},"loc":{"start":{"line":23,"column":51},"end":{"line":35,"column":1}},"line":23},"3":{"name":"(anonymous_3)","decl":{"start":{"line":37,"column":19},"end":{"line":37,"column":20}},"loc":{"start":{"line":37,"column":37},"end":{"line":45,"column":1}},"line":37},"4":{"name":"(anonymous_4)","decl":{"start":{"line":47,"column":17},"end":{"line":47,"column":18}},"loc":{"start":{"line":47,"column":35},"end":{"line":55,"column":1}},"line":47}},"branchMap":{},"s":{"0":2,"1":2,"2":0,"3":2,"4":0,"5":0,"6":2,"7":0,"8":0,"9":2,"10":0,"11":0,"12":2,"13":0,"14":0,"15":2},"f":{"0":2,"1":0,"2":0,"3":0,"4":0},"b":{},"_coverageSchema":"1a1c01bbd47fc00a2c39e90264f33305004495a9","hash":"ae6ebedc520024377718fa3bd066836721814f4a"}
,"C:\\Users\\Avira\\OneDrive\\שולחן העבודה\\js\\mondayU\\monday-u-exercises\\src\\ex4\\client\\src\\reportWebVitals.js": {"path":"C:\\Users\\Avira\\OneDrive\\שולחן העבודה\\js\\mondayU\\monday-u-exercises\\src\\ex4\\client\\src\\reportWebVitals.js","statementMap":{"0":{"start":{"line":1,"column":24},"end":{"line":11,"column":1}},"1":{"start":{"line":2,"column":2},"end":{"line":10,"column":3}},"2":{"start":{"line":3,"column":4},"end":{"line":9,"column":7}},"3":{"start":{"line":4,"column":6},"end":{"line":4,"column":26}},"4":{"start":{"line":5,"column":6},"end":{"line":5,"column":26}},"5":{"start":{"line":6,"column":6},"end":{"line":6,"column":26}},"6":{"start":{"line":7,"column":6},"end":{"line":7,"column":26}},"7":{"start":{"line":8,"column":6},"end":{"line":8,"column":27}}},"fnMap":{"0":{"name":"(anonymous_0)","decl":{"start":{"line":1,"column":24},"end":{"line":1,"column":25}},"loc":{"start":{"line":1,"column":39},"end":{"line":11,"column":1}},"line":1},"1":{"name":"(anonymous_1)","decl":{"start":{"line":3,"column":30},"end":{"line":3,"column":31}},"loc":{"start":{"line":3,"column":79},"end":{"line":9,"column":5}},"line":3}},"branchMap":{"0":{"loc":{"start":{"line":2,"column":2},"end":{"line":10,"column":3}},"type":"if","locations":[{"start":{"line":2,"column":2},"end":{"line":10,"column":3}},{"start":{},"end":{}}],"line":2},"1":{"loc":{"start":{"line":2,"column":6},"end":{"line":2,"column":52}},"type":"binary-expr","locations":[{"start":{"line":2,"column":6},"end":{"line":2,"column":17}},{"start":{"line":2,"column":21},"end":{"line":2,"column":52}}],"line":2}},"s":{"0":0,"1":0,"2":0,"3":0,"4":0,"5":0,"6":0,"7":0},"f":{"0":0,"1":0},"b":{"0":[0,0],"1":[0,0]}}
,"C:\\Users\\Avira\\OneDrive\\שולחן העבודה\\js\\mondayU\\monday-u-exercises\\src\\ex4\\client\\src\\store.js": {"path":"C:\\Users\\Avira\\OneDrive\\שולחן העבודה\\js\\mondayU\\monday-u-exercises\\src\\ex4\\client\\src\\store.js","statementMap":{"0":{"start":{"line":5,"column":21},"end":{"line":9,"column":2}}},"fnMap":{},"branchMap":{},"s":{"0":2},"f":{},"b":{},"_coverageSchema":"1a1c01bbd47fc00a2c39e90264f33305004495a9","hash":"d879673120a0da08e618a58af2b7abb77e49737f"}
,"C:\\Users\\Avira\\OneDrive\\שולחן העבודה\\js\\mondayU\\monday-u-exercises\\src\\ex4\\client\\src\\components\\buttonComp\\ButtonComp.jsx": {"path":"C:\\Users\\Avira\\OneDrive\\שולחן העבודה\\js\\mondayU\\monday-u-exercises\\src\\ex4\\client\\src\\components\\buttonComp\\ButtonComp.jsx","statementMap":{"0":{"start":{"line":4,"column":21},"end":{"line":16,"column":52}},"1":{"start":{"line":5,"column":2},"end":{"line":15,"column":4}},"2":{"start":{"line":9,"column":5},"end":{"line":9,"column":25}},"3":{"start":{"line":10,"column":5},"end":{"line":10,"column":15}},"4":{"start":{"line":18,"column":1},"end":{"line":18,"column":20}}},"fnMap":{"0":{"name":"ButtonComp","decl":{"start":{"line":3,"column":9},"end":{"line":3,"column":19}},"loc":{"start":{"line":3,"column":71},"end":{"line":19,"column":1}},"line":3},"1":{"name":"(anonymous_1)","decl":{"start":{"line":4,"column":29},"end":{"line":4,"column":30}},"loc":{"start":{"line":4,"column":35},"end":{"line":16,"column":2}},"line":4},"2":{"name":"(anonymous_2)","decl":{"start":{"line":8,"column":13},"end":{"line":8,"column":14}},"loc":{"start":{"line":8,"column":20},"end":{"line":11,"column":5}},"line":8}},"branchMap":{},"s":{"0":11,"1":11,"2":0,"3":0,"4":11},"f":{"0":11,"1":11,"2":0},"b":{},"_coverageSchema":"1a1c01bbd47fc00a2c39e90264f33305004495a9","hash":"240fafffe70febe452ff0390305cb3b3649d03aa"}
,"C:\\Users\\Avira\\OneDrive\\שולחן העבודה\\js\\mondayU\\monday-u-exercises\\src\\ex4\\client\\src\\components\\inputComp\\InputComp.jsx": {"path":"C:\\Users\\Avira\\OneDrive\\שולחן העבודה\\js\\mondayU\\monday-u-exercises\\src\\ex4\\client\\src\\components\\inputComp\\InputComp.jsx","statementMap":{"0":{"start":{"line":13,"column":37},"end":{"line":13,"column":51}},"1":{"start":{"line":14,"column":22},"end":{"line":14,"column":30}},"2":{"start":{"line":16,"column":25},"end":{"line":21,"column":74}},"3":{"start":{"line":17,"column":2},"end":{"line":17,"column":26}},"4":{"start":{"line":18,"column":2},"end":{"line":18,"column":37}},"5":{"start":{"line":19,"column":2},"end":{"line":19,"column":27}},"6":{"start":{"line":20,"column":2},"end":{"line":20,"column":27}},"7":{"start":{"line":23,"column":31},"end":{"line":30,"column":2}},"8":{"start":{"line":25,"column":3},"end":{"line":27,"column":4}},"9":{"start":{"line":26,"column":4},"end":{"line":26,"column":22}},"10":{"start":{"line":32,"column":1},"end":{"line":34,"column":38}},"11":{"start":{"line":33,"column":2},"end":{"line":33,"column":33}},"12":{"start":{"line":36,"column":1},"end":{"line":56,"column":3}},"13":{"start":{"line":43,"column":5},"end":{"line":43,"column":35}},"14":{"start":{"line":45,"column":22},"end":{"line":45,"column":46}},"15":{"start":{"line":53,"column":19},"end":{"line":53,"column":36}}},"fnMap":{"0":{"name":"InputComp","decl":{"start":{"line":8,"column":9},"end":{"line":8,"column":18}},"loc":{"start":{"line":12,"column":3},"end":{"line":57,"column":1}},"line":12},"1":{"name":"(anonymous_1)","decl":{"start":{"line":16,"column":37},"end":{"line":16,"column":38}},"loc":{"start":{"line":16,"column":49},"end":{"line":21,"column":2}},"line":16},"2":{"name":"(anonymous_2)","decl":{"start":{"line":24,"column":2},"end":{"line":24,"column":3}},"loc":{"start":{"line":24,"column":9},"end":{"line":28,"column":3}},"line":24},"3":{"name":"(anonymous_3)","decl":{"start":{"line":32,"column":11},"end":{"line":32,"column":12}},"loc":{"start":{"line":32,"column":17},"end":{"line":34,"column":2}},"line":32},"4":{"name":"(anonymous_4)","decl":{"start":{"line":42,"column":14},"end":{"line":42,"column":15}},"loc":{"start":{"line":42,"column":21},"end":{"line":44,"column":5}},"line":42},"5":{"name":"(anonymous_5)","decl":{"start":{"line":45,"column":15},"end":{"line":45,"column":16}},"loc":{"start":{"line":45,"column":22},"end":{"line":45,"column":46}},"line":45},"6":{"name":"(anonymous_6)","decl":{"start":{"line":53,"column":13},"end":{"line":53,"column":14}},"loc":{"start":{"line":53,"column":19},"end":{"line":53,"column":36}},"line":53}},"branchMap":{"0":{"loc":{"start":{"line":25,"column":3},"end":{"line":27,"column":4}},"type":"if","locations":[{"start":{"line":25,"column":3},"end":{"line":27,"column":4}},{"start":{},"end":{}}],"line":25},"1":{"loc":{"start":{"line":25,"column":7},"end":{"line":25,"column":58}},"type":"binary-expr","locations":[{"start":{"line":25,"column":7},"end":{"line":25,"column":17}},{"start":{"line":25,"column":21},"end":{"line":25,"column":38}},{"start":{"line":25,"column":42},"end":{"line":25,"column":58}}],"line":25}},"s":{"0":2,"1":2,"2":2,"3":0,"4":0,"5":0,"6":0,"7":2,"8":0,"9":0,"10":2,"11":2,"12":2,"13":0,"14":0,"15":0},"f":{"0":2,"1":0,"2":0,"3":2,"4":0,"5":0,"6":0},"b":{"0":[0,0],"1":[0,0,0]},"_coverageSchema":"1a1c01bbd47fc00a2c39e90264f33305004495a9","hash":"4f81c884931b253a914e0e7ad88b1b8e298310b9"}
,"C:\\Users\\Avira\\OneDrive\\שולחן העבודה\\js\\mondayU\\monday-u-exercises\\src\\ex4\\client\\src\\components\\inputComp\\InputCompConnector.js": {"path":"C:\\Users\\Avira\\OneDrive\\שולחן העבודה\\js\\mondayU\\monday-u-exercises\\src\\ex4\\client\\src\\components\\inputComp\\InputCompConnector.js","statementMap":{"0":{"start":{"line":10,"column":24},"end":{"line":12,"column":1}},"1":{"start":{"line":11,"column":1},"end":{"line":11,"column":11}},"2":{"start":{"line":14,"column":27},"end":{"line":19,"column":1}},"3":{"start":{"line":15,"column":1},"end":{"line":18,"column":3}}},"fnMap":{"0":{"name":"(anonymous_0)","decl":{"start":{"line":10,"column":24},"end":{"line":10,"column":25}},"loc":{"start":{"line":10,"column":45},"end":{"line":12,"column":1}},"line":10},"1":{"name":"(anonymous_1)","decl":{"start":{"line":14,"column":27},"end":{"line":14,"column":28}},"loc":{"start":{"line":14,"column":51},"end":{"line":19,"column":1}},"line":14}},"branchMap":{},"s":{"0":2,"1":4,"2":2,"3":2},"f":{"0":4,"1":2},"b":{},"_coverageSchema":"1a1c01bbd47fc00a2c39e90264f33305004495a9","hash":"360cdc288f3a8f1e40176e767765d6594aea8168"}
,"C:\\Users\\Avira\\OneDrive\\שולחן העבודה\\js\\mondayU\\monday-u-exercises\\src\\ex4\\client\\src\\components\\itemComp\\ItemComp.jsx": {"path":"C:\\Users\\Avira\\OneDrive\\שולחן העבודה\\js\\mondayU\\monday-u-exercises\\src\\ex4\\client\\src\\components\\itemComp\\ItemComp.jsx","statementMap":{"0":{"start":{"line":13,"column":43},"end":{"line":13,"column":58}},"1":{"start":{"line":14,"column":31},"end":{"line":14,"column":45}},"2":{"start":{"line":16,"column":28},"end":{"line":44,"column":39}},"3":{"start":{"line":17,"column":2},"end":{"line":43,"column":4}},"4":{"start":{"line":21,"column":22},"end":{"line":21,"column":71}},"5":{"start":{"line":28,"column":6},"end":{"line":28,"column":30}},"6":{"start":{"line":37,"column":6},"end":{"line":37,"column":30}},"7":{"start":{"line":38,"column":6},"end":{"line":38,"column":39}},"8":{"start":{"line":46,"column":21},"end":{"line":61,"column":32}},"9":{"start":{"line":47,"column":2},"end":{"line":60,"column":4}},"10":{"start":{"line":50,"column":19},"end":{"line":50,"column":41}},"11":{"start":{"line":63,"column":18},"end":{"line":75,"column":46}},"12":{"start":{"line":64,"column":2},"end":{"line":74,"column":4}},"13":{"start":{"line":68,"column":5},"end":{"line":68,"column":25}},"14":{"start":{"line":69,"column":5},"end":{"line":69,"column":54}},"15":{"start":{"line":70,"column":5},"end":{"line":70,"column":67}},"16":{"start":{"line":77,"column":19},"end":{"line":84,"column":63}},"17":{"start":{"line":78,"column":2},"end":{"line":83,"column":4}},"18":{"start":{"line":86,"column":1},"end":{"line":86,"column":18}}},"fnMap":{"0":{"name":"ItemComp","decl":{"start":{"line":12,"column":9},"end":{"line":12,"column":17}},"loc":{"start":{"line":12,"column":59},"end":{"line":87,"column":1}},"line":12},"1":{"name":"(anonymous_1)","decl":{"start":{"line":16,"column":40},"end":{"line":16,"column":41}},"loc":{"start":{"line":16,"column":46},"end":{"line":44,"column":2}},"line":16},"2":{"name":"(anonymous_2)","decl":{"start":{"line":21,"column":15},"end":{"line":21,"column":16}},"loc":{"start":{"line":21,"column":22},"end":{"line":21,"column":71}},"line":21},"3":{"name":"(anonymous_3)","decl":{"start":{"line":27,"column":14},"end":{"line":27,"column":15}},"loc":{"start":{"line":27,"column":20},"end":{"line":29,"column":6}},"line":27},"4":{"name":"(anonymous_4)","decl":{"start":{"line":36,"column":14},"end":{"line":36,"column":15}},"loc":{"start":{"line":36,"column":26},"end":{"line":39,"column":6}},"line":36},"5":{"name":"(anonymous_5)","decl":{"start":{"line":46,"column":29},"end":{"line":46,"column":30}},"loc":{"start":{"line":46,"column":35},"end":{"line":61,"column":2}},"line":46},"6":{"name":"(anonymous_6)","decl":{"start":{"line":50,"column":13},"end":{"line":50,"column":14}},"loc":{"start":{"line":50,"column":19},"end":{"line":50,"column":41}},"line":50},"7":{"name":"(anonymous_7)","decl":{"start":{"line":63,"column":26},"end":{"line":63,"column":27}},"loc":{"start":{"line":63,"column":32},"end":{"line":75,"column":2}},"line":63},"8":{"name":"(anonymous_8)","decl":{"start":{"line":67,"column":14},"end":{"line":67,"column":15}},"loc":{"start":{"line":67,"column":27},"end":{"line":71,"column":5}},"line":67},"9":{"name":"(anonymous_9)","decl":{"start":{"line":77,"column":27},"end":{"line":77,"column":28}},"loc":{"start":{"line":77,"column":33},"end":{"line":84,"column":2}},"line":77}},"branchMap":{"0":{"loc":{"start":{"line":81,"column":5},"end":{"line":81,"column":55}},"type":"cond-expr","locations":[{"start":{"line":81,"column":21},"end":{"line":81,"column":41}},{"start":{"line":81,"column":44},"end":{"line":81,"column":55}}],"line":81}},"s":{"0":9,"1":9,"2":9,"3":0,"4":0,"5":0,"6":0,"7":0,"8":9,"9":9,"10":0,"11":9,"12":5,"13":0,"14":0,"15":0,"16":9,"17":9,"18":9},"f":{"0":9,"1":0,"2":0,"3":0,"4":0,"5":9,"6":0,"7":5,"8":0,"9":9},"b":{"0":[0,9]},"_coverageSchema":"1a1c01bbd47fc00a2c39e90264f33305004495a9","hash":"807f334bbb13608550b6a12121bf63b50f8275d8"}
,"C:\\Users\\Avira\\OneDrive\\שולחן העבודה\\js\\mondayU\\monday-u-exercises\\src\\ex4\\client\\src\\components\\itemsComp\\ItemsComp.jsx": {"path":"C:\\Users\\Avira\\OneDrive\\שולחן העבודה\\js\\mondayU\\monday-u-exercises\\src\\ex4\\client\\src\\components\\itemsComp\\ItemsComp.jsx","statementMap":{"0":{"start":{"line":14,"column":43},"end":{"line":14,"column":58}},"1":{"start":{"line":16,"column":1},"end":{"line":30,"column":25}},"2":{"start":{"line":17,"column":2},"end":{"line":29,"column":3}},"3":{"start":{"line":18,"column":25},"end":{"line":20,"column":4}},"4":{"start":{"line":19,"column":4},"end":{"line":19,"column":38}},"5":{"start":{"line":21,"column":3},"end":{"line":21,"column":35}},"6":{"start":{"line":22,"column":9},"end":{"line":29,"column":3}},"7":{"start":{"line":23,"column":25},"end":{"line":25,"column":4}},"8":{"start":{"line":24,"column":14},"end":{"line":24,"column":53}},"9":{"start":{"line":26,"column":3},"end":{"line":26,"column":35}},"10":{"start":{"line":28,"column":3},"end":{"line":28,"column":27}},"11":{"start":{"line":32,"column":21},"end":{"line":52,"column":59}},"12":{"start":{"line":33,"column":2},"end":{"line":51,"column":4}},"13":{"start":{"line":36,"column":5},"end":{"line":48,"column":7}},"14":{"start":{"line":41,"column":8},"end":{"line":44,"column":10}},"15":{"start":{"line":54,"column":1},"end":{"line":54,"column":22}}},"fnMap":{"0":{"name":"ItemsComp","decl":{"start":{"line":8,"column":9},"end":{"line":8,"column":18}},"loc":{"start":{"line":13,"column":3},"end":{"line":55,"column":1}},"line":13},"1":{"name":"(anonymous_1)","decl":{"start":{"line":16,"column":11},"end":{"line":16,"column":12}},"loc":{"start":{"line":16,"column":17},"end":{"line":30,"column":2}},"line":16},"2":{"name":"(anonymous_2)","decl":{"start":{"line":18,"column":38},"end":{"line":18,"column":39}},"loc":{"start":{"line":19,"column":4},"end":{"line":19,"column":38}},"line":19},"3":{"name":"(anonymous_3)","decl":{"start":{"line":24,"column":4},"end":{"line":24,"column":5}},"loc":{"start":{"line":24,"column":14},"end":{"line":24,"column":53}},"line":24},"4":{"name":"(anonymous_4)","decl":{"start":{"line":32,"column":33},"end":{"line":32,"column":34}},"loc":{"start":{"line":32,"column":39},"end":{"line":52,"column":2}},"line":32},"5":{"name":"(anonymous_5)","decl":{"start":{"line":35,"column":23},"end":{"line":35,"column":24}},"loc":{"start":{"line":35,"column":33},"end":{"line":49,"column":5}},"line":35},"6":{"name":"(anonymous_6)","decl":{"start":{"line":40,"column":19},"end":{"line":40,"column":20}},"loc":{"start":{"line":40,"column":31},"end":{"line":45,"column":8}},"line":40}},"branchMap":{"0":{"loc":{"start":{"line":17,"column":2},"end":{"line":29,"column":3}},"type":"if","locations":[{"start":{"line":17,"column":2},"end":{"line":29,"column":3}},{"start":{"line":22,"column":9},"end":{"line":29,"column":3}}],"line":17},"1":{"loc":{"start":{"line":17,"column":6},"end":{"line":17,"column":52}},"type":"binary-expr","locations":[{"start":{"line":17,"column":6},"end":{"line":17,"column":16}},{"start":{"line":17,"column":20},"end":{"line":17,"column":52}}],"line":17},"2":{"loc":{"start":{"line":22,"column":9},"end":{"line":29,"column":3}},"type":"if","locations":[{"start":{"line":22,"column":9},"end":{"line":29,"column":3}},{"start":{"line":27,"column":9},"end":{"line":29,"column":3}}],"line":22},"3":{"loc":{"start":{"line":43,"column":9},"end":{"line":43,"column":67}},"type":"cond-expr","locations":[{"start":{"line":43,"column":26},"end":{"line":43,"column":51}},{"start":{"line":43,"column":54},"end":{"line":43,"column":67}}],"line":43}},"s":{"0":5,"1":5,"2":3,"3":1,"4":2,"5":1,"6":2,"7":1,"8":2,"9":1,"10":1,"11":5,"12":5,"13":7,"14":0,"15":5},"f":{"0":5,"1":3,"2":2,"3":2,"4":5,"5":7,"6":0},"b":{"0":[1,2],"1":[3,2],"2":[1,1],"3":[0,0]},"_coverageSchema":"1a1c01bbd47fc00a2c39e90264f33305004495a9","hash":"233d30186ba125c96e6d3239579b9874fb9398b7"}
,"C:\\Users\\Avira\\OneDrive\\שולחן העבודה\\js\\mondayU\\monday-u-exercises\\src\\ex4\\client\\src\\components\\itemsComp\\ItemsCompConnector.js": {"path":"C:\\Users\\Avira\\OneDrive\\שולחן העבודה\\js\\mondayU\\monday-u-exercises\\src\\ex4\\client\\src\\components\\itemsComp\\ItemsCompConnector.js","statementMap":{"0":{"start":{"line":11,"column":24},"end":{"line":15,"column":1}},"1":{"start":{"line":12,"column":15},"end":{"line":12,"column":30}},"2":{"start":{"line":13,"column":20},"end":{"line":13,"column":40}},"3":{"start":{"line":14,"column":1},"end":{"line":14,"column":30}},"4":{"start":{"line":17,"column":27},"end":{"line":22,"column":1}},"5":{"start":{"line":18,"column":1},"end":{"line":21,"column":3}}},"fnMap":{"0":{"name":"(anonymous_0)","decl":{"start":{"line":11,"column":24},"end":{"line":11,"column":25}},"loc":{"start":{"line":11,"column":45},"end":{"line":15,"column":1}},"line":11},"1":{"name":"(anonymous_1)","decl":{"start":{"line":17,"column":27},"end":{"line":17,"column":28}},"loc":{"start":{"line":17,"column":51},"end":{"line":22,"column":1}},"line":17}},"branchMap":{},"s":{"0":2,"1":0,"2":0,"3":0,"4":2,"5":0},"f":{"0":0,"1":0},"b":{},"_coverageSchema":"1a1c01bbd47fc00a2c39e90264f33305004495a9","hash":"f778c607567cacefc24dfe4a3678519d8ff26caf"}
,"C:\\Users\\Avira\\OneDrive\\שולחן העבודה\\js\\mondayU\\monday-u-exercises\\src\\ex4\\client\\src\\components\\numOfItemsComp\\NumOfItemsComp.jsx": {"path":"C:\\Users\\Avira\\OneDrive\\שולחן העבודה\\js\\mondayU\\monday-u-exercises\\src\\ex4\\client\\src\\components\\numOfItemsComp\\NumOfItemsComp.jsx","statementMap":{"0":{"start":{"line":4,"column":27},"end":{"line":6,"column":2}},"1":{"start":{"line":5,"column":2},"end":{"line":5,"column":78}},"2":{"start":{"line":7,"column":1},"end":{"line":7,"column":28}}},"fnMap":{"0":{"name":"NumOfItemsComp","decl":{"start":{"line":3,"column":9},"end":{"line":3,"column":23}},"loc":{"start":{"line":3,"column":41},"end":{"line":8,"column":1}},"line":3},"1":{"name":"(anonymous_1)","decl":{"start":{"line":4,"column":27},"end":{"line":4,"column":28}},"loc":{"start":{"line":4,"column":33},"end":{"line":6,"column":2}},"line":4}},"branchMap":{},"s":{"0":2,"1":2,"2":2},"f":{"0":2,"1":2},"b":{},"_coverageSchema":"1a1c01bbd47fc00a2c39e90264f33305004495a9","hash":"b36c2afe5991c4d9e8349763217f7e16f6426a55"}
,"C:\\Users\\Avira\\OneDrive\\שולחן העבודה\\js\\mondayU\\monday-u-exercises\\src\\ex4\\client\\src\\components\\numOfItemsComp\\NumOfItemsCompConnector.js": {"path":"C:\\Users\\Avira\\OneDrive\\שולחן העבודה\\js\\mondayU\\monday-u-exercises\\src\\ex4\\client\\src\\components\\numOfItemsComp\\NumOfItemsCompConnector.js","statementMap":{"0":{"start":{"line":6,"column":24},"end":{"line":9,"column":1}},"1":{"start":{"line":7,"column":21},"end":{"line":7,"column":43}},"2":{"start":{"line":8,"column":1},"end":{"line":8,"column":24}},"3":{"start":{"line":11,"column":27},"end":{"line":13,"column":1}},"4":{"start":{"line":12,"column":1},"end":{"line":12,"column":41}}},"fnMap":{"0":{"name":"(anonymous_0)","decl":{"start":{"line":6,"column":24},"end":{"line":6,"column":25}},"loc":{"start":{"line":6,"column":45},"end":{"line":9,"column":1}},"line":6},"1":{"name":"(anonymous_1)","decl":{"start":{"line":11,"column":27},"end":{"line":11,"column":28}},"loc":{"start":{"line":11,"column":51},"end":{"line":13,"column":1}},"line":11}},"branchMap":{},"s":{"0":2,"1":4,"2":4,"3":2,"4":2},"f":{"0":4,"1":2},"b":{},"_coverageSchema":"1a1c01bbd47fc00a2c39e90264f33305004495a9","hash":"97e19a48d0e39868f522464187a1d4922061c92e"}
,"C:\\Users\\Avira\\OneDrive\\שולחן העבודה\\js\\mondayU\\monday-u-exercises\\src\\ex4\\client\\src\\components\\todoListComp\\TodoListComp.jsx": {"path":"C:\\Users\\Avira\\OneDrive\\שולחן העבודה\\js\\mondayU\\monday-u-exercises\\src\\ex4\\client\\src\\components\\todoListComp\\TodoListComp.jsx","statementMap":{"0":{"start":{"line":20,"column":27},"end":{"line":20,"column":42}},"1":{"start":{"line":22,"column":1},"end":{"line":28,"column":18}},"2":{"start":{"line":23,"column":2},"end":{"line":23,"column":17}},"3":{"start":{"line":24,"column":16},"end":{"line":26,"column":10}},"4":{"start":{"line":25,"column":3},"end":{"line":25,"column":19}},"5":{"start":{"line":27,"column":2},"end":{"line":27,"column":37}},"6":{"start":{"line":27,"column":15},"end":{"line":27,"column":36}},"7":{"start":{"line":30,"column":1},"end":{"line":36,"column":58}},"8":{"start":{"line":31,"column":22},"end":{"line":34,"column":3}},"9":{"start":{"line":32,"column":3},"end":{"line":32,"column":29}},"10":{"start":{"line":33,"column":3},"end":{"line":33,"column":28}},"11":{"start":{"line":35,"column":2},"end":{"line":35,"column":16}},"12":{"start":{"line":38,"column":27},"end":{"line":40,"column":41}},"13":{"start":{"line":39,"column":2},"end":{"line":39,"column":43}},"14":{"start":{"line":42,"column":22},"end":{"line":51,"column":2}},"15":{"start":{"line":43,"column":8},"end":{"line":49,"column":3}},"16":{"start":{"line":53,"column":21},"end":{"line":74,"column":57}},"17":{"start":{"line":54,"column":2},"end":{"line":73,"column":4}},"18":{"start":{"line":66,"column":7},"end":{"line":66,"column":33}},"19":{"start":{"line":76,"column":20},"end":{"line":78,"column":7}},"20":{"start":{"line":77,"column":2},"end":{"line":77,"column":46}},"21":{"start":{"line":80,"column":27},"end":{"line":92,"column":23}},"22":{"start":{"line":81,"column":2},"end":{"line":91,"column":4}},"23":{"start":{"line":94,"column":16},"end":{"line":103,"column":7}},"24":{"start":{"line":95,"column":2},"end":{"line":102,"column":4}},"25":{"start":{"line":105,"column":19},"end":{"line":123,"column":3}},"26":{"start":{"line":106,"column":2},"end":{"line":115,"column":4}},"27":{"start":{"line":125,"column":1},"end":{"line":125,"column":18}}},"fnMap":{"0":{"name":"TodoListComp","decl":{"start":{"line":11,"column":9},"end":{"line":11,"column":21}},"loc":{"start":{"line":19,"column":3},"end":{"line":126,"column":1}},"line":19},"1":{"name":"(anonymous_1)","decl":{"start":{"line":22,"column":11},"end":{"line":22,"column":12}},"loc":{"start":{"line":22,"column":17},"end":{"line":28,"column":2}},"line":22},"2":{"name":"(anonymous_2)","decl":{"start":{"line":24,"column":27},"end":{"line":24,"column":28}},"loc":{"start":{"line":24,"column":33},"end":{"line":26,"column":3}},"line":24},"3":{"name":"(anonymous_3)","decl":{"start":{"line":27,"column":9},"end":{"line":27,"column":10}},"loc":{"start":{"line":27,"column":15},"end":{"line":27,"column":36}},"line":27},"4":{"name":"(anonymous_4)","decl":{"start":{"line":30,"column":11},"end":{"line":30,"column":12}},"loc":{"start":{"line":30,"column":17},"end":{"line":36,"column":2}},"line":30},"5":{"name":"(anonymous_5)","decl":{"start":{"line":31,"column":22},"end":{"line":31,"column":23}},"loc":{"start":{"line":31,"column":34},"end":{"line":34,"column":3}},"line":31},"6":{"name":"(anonymous_6)","decl":{"start":{"line":38,"column":39},"end":{"line":38,"column":40}},"loc":{"start":{"line":38,"column":51},"end":{"line":40,"column":2}},"line":38},"7":{"name":"(anonymous_7)","decl":{"start":{"line":43,"column":2},"end":{"line":43,"column":3}},"loc":{"start":{"line":43,"column":8},"end":{"line":49,"column":3}},"line":43},"8":{"name":"(anonymous_8)","decl":{"start":{"line":53,"column":33},"end":{"line":53,"column":34}},"loc":{"start":{"line":53,"column":39},"end":{"line":74,"column":2}},"line":53},"9":{"name":"(anonymous_9)","decl":{"start":{"line":65,"column":15},"end":{"line":65,"column":16}},"loc":{"start":{"line":65,"column":27},"end":{"line":67,"column":7}},"line":65},"10":{"name":"(anonymous_10)","decl":{"start":{"line":76,"column":32},"end":{"line":76,"column":33}},"loc":{"start":{"line":76,"column":38},"end":{"line":78,"column":2}},"line":76},"11":{"name":"(anonymous_11)","decl":{"start":{"line":80,"column":39},"end":{"line":80,"column":40}},"loc":{"start":{"line":80,"column":45},"end":{"line":92,"column":2}},"line":80},"12":{"name":"(anonymous_12)","decl":{"start":{"line":94,"column":28},"end":{"line":94,"column":29}},"loc":{"start":{"line":94,"column":34},"end":{"line":103,"column":2}},"line":94},"13":{"name":"(anonymous_13)","decl":{"start":{"line":105,"column":27},"end":{"line":105,"column":28}},"loc":{"start":{"line":105,"column":33},"end":{"line":116,"column":2}},"line":105}},"branchMap":{"0":{"loc":{"start":{"line":59,"column":5},"end":{"line":71,"column":5}},"type":"binary-expr","locations":[{"start":{"line":59,"column":5},"end":{"line":59,"column":15}},{"start":{"line":60,"column":5},"end":{"line":70,"column":13}}],"line":59},"1":{"loc":{"start":{"line":109,"column":5},"end":{"line":113,"column":26}},"type":"cond-expr","locations":[{"start":{"line":110,"column":7},"end":{"line":110,"column":15}},{"start":{"line":111,"column":7},"end":{"line":113,"column":26}}],"line":109},"2":{"loc":{"start":{"line":111,"column":7},"end":{"line":113,"column":26}},"type":"cond-expr","locations":[{"start":{"line":112,"column":7},"end":{"line":112,"column":19}},{"start":{"line":113,"column":7},"end":{"line":113,"column":26}}],"line":111}},"s":{"0":4,"1":4,"2":2,"3":2,"4":0,"5":2,"6":2,"7":4,"8":2,"9":2,"10":0,"11":2,"12":4,"13":0,"14":4,"15":2,"16":4,"17":4,"18":0,"19":4,"20":0,"21":4,"22":0,"23":4,"24":4,"25":4,"26":4,"27":4},"f":{"0":4,"1":2,"2":0,"3":2,"4":2,"5":2,"6":0,"7":2,"8":4,"9":0,"10":0,"11":0,"12":4,"13":4},"b":{"0":[4,0],"1":[4,0],"2":[0,0]},"_coverageSchema":"1a1c01bbd47fc00a2c39e90264f33305004495a9","hash":"f841251985626e1c1b0c8df74d7b1ccf35871ef6"}
,"C:\\Users\\Avira\\OneDrive\\שולחן העבודה\\js\\mondayU\\monday-u-exercises\\src\\ex4\\client\\src\\components\\todoListComp\\TodoListCompConnector.js": {"path":"C:\\Users\\Avira\\OneDrive\\שולחן העבודה\\js\\mondayU\\monday-u-exercises\\src\\ex4\\client\\src\\components\\todoListComp\\TodoListCompConnector.js","statementMap":{"0":{"start":{"line":19,"column":24},"end":{"line":24,"column":1}},"1":{"start":{"line":20,"column":15},"end":{"line":20,"column":30}},"2":{"start":{"line":21,"column":19},"end":{"line":21,"column":38}},"3":{"start":{"line":22,"column":20},"end":{"line":22,"column":40}},"4":{"start":{"line":23,"column":1},"end":{"line":23,"column":41}},"5":{"start":{"line":26,"column":27},"end":{"line":37,"column":1}},"6":{"start":{"line":27,"column":1},"end":{"line":36,"column":3}}},"fnMap":{"0":{"name":"(anonymous_0)","decl":{"start":{"line":19,"column":24},"end":{"line":19,"column":25}},"loc":{"start":{"line":19,"column":45},"end":{"line":24,"column":1}},"line":19},"1":{"name":"(anonymous_1)","decl":{"start":{"line":26,"column":27},"end":{"line":26,"column":28}},"loc":{"start":{"line":26,"column":51},"end":{"line":37,"column":1}},"line":26}},"branchMap":{},"s":{"0":2,"1":4,"2":4,"3":4,"4":4,"5":2,"6":2},"f":{"0":4,"1":2},"b":{},"_coverageSchema":"1a1c01bbd47fc00a2c39e90264f33305004495a9","hash":"1e3203c22aa33e5113f6ec9c1001f12a42b38d8d"}
,"C:\\Users\\Avira\\OneDrive\\שולחן העבודה\\js\\mondayU\\monday-u-exercises\\src\\ex4\\client\\src\\redux\\actions\\itemsEntitiesActions.js": {"path":"C:\\Users\\Avira\\OneDrive\\שולחן העבודה\\js\\mondayU\\monday-u-exercises\\src\\ex4\\client\\src\\redux\\actions\\itemsEntitiesActions.js","statementMap":{"0":{"start":{"line":4,"column":20},"end":{"line":9,"column":1}},"1":{"start":{"line":5,"column":13},"end":{"line":5,"column":43}},"2":{"start":{"line":6,"column":1},"end":{"line":8,"column":2}},"3":{"start":{"line":7,"column":2},"end":{"line":7,"column":62}},"4":{"start":{"line":11,"column":33},"end":{"line":15,"column":1}},"5":{"start":{"line":12,"column":1},"end":{"line":14,"column":3}},"6":{"start":{"line":13,"column":2},"end":{"line":13,"column":32}},"7":{"start":{"line":17,"column":17},"end":{"line":22,"column":1}},"8":{"start":{"line":18,"column":13},"end":{"line":18,"column":58}},"9":{"start":{"line":19,"column":1},"end":{"line":21,"column":2}},"10":{"start":{"line":20,"column":2},"end":{"line":20,"column":60}},"11":{"start":{"line":24,"column":32},"end":{"line":28,"column":1}},"12":{"start":{"line":25,"column":1},"end":{"line":27,"column":3}},"13":{"start":{"line":26,"column":2},"end":{"line":26,"column":34}},"14":{"start":{"line":30,"column":19},"end":{"line":38,"column":1}},"15":{"start":{"line":31,"column":13},"end":{"line":31,"column":71}},"16":{"start":{"line":32,"column":1},"end":{"line":37,"column":2}},"17":{"start":{"line":33,"column":2},"end":{"line":36,"column":4}},"18":{"start":{"line":40,"column":33},"end":{"line":44,"column":1}},"19":{"start":{"line":41,"column":1},"end":{"line":43,"column":3}},"20":{"start":{"line":42,"column":2},"end":{"line":42,"column":43}},"21":{"start":{"line":46,"column":19},"end":{"line":54,"column":1}},"22":{"start":{"line":47,"column":13},"end":{"line":47,"column":48}},"23":{"start":{"line":48,"column":1},"end":{"line":53,"column":2}},"24":{"start":{"line":49,"column":2},"end":{"line":52,"column":4}},"25":{"start":{"line":56,"column":34},"end":{"line":60,"column":1}},"26":{"start":{"line":57,"column":1},"end":{"line":59,"column":3}},"27":{"start":{"line":58,"column":2},"end":{"line":58,"column":52}},"28":{"start":{"line":62,"column":17},"end":{"line":67,"column":1}},"29":{"start":{"line":63,"column":17},"end":{"line":63,"column":44}},"30":{"start":{"line":64,"column":1},"end":{"line":66,"column":2}},"31":{"start":{"line":65,"column":2},"end":{"line":65,"column":55}},"32":{"start":{"line":69,"column":32},"end":{"line":73,"column":1}},"33":{"start":{"line":70,"column":1},"end":{"line":72,"column":3}},"34":{"start":{"line":71,"column":2},"end":{"line":71,"column":29}},"35":{"start":{"line":75,"column":23},"end":{"line":87,"column":1}},"36":{"start":{"line":76,"column":48},"end":{"line":76,"column":58}},"37":{"start":{"line":78,"column":1},"end":{"line":86,"column":2}},"38":{"start":{"line":80,"column":3},"end":{"line":80,"column":41}},"39":{"start":{"line":82,"column":3},"end":{"line":82,"column":35}},"40":{"start":{"line":84,"column":3},"end":{"line":84,"column":43}},"41":{"start":{"line":89,"column":38},"end":{"line":93,"column":1}},"42":{"start":{"line":90,"column":1},"end":{"line":92,"column":3}},"43":{"start":{"line":91,"column":2},"end":{"line":91,"column":45}}},"fnMap":{"0":{"name":"(anonymous_0)","decl":{"start":{"line":4,"column":20},"end":{"line":4,"column":21}},"loc":{"start":{"line":4,"column":32},"end":{"line":9,"column":1}},"line":4},"1":{"name":"(anonymous_1)","decl":{"start":{"line":11,"column":33},"end":{"line":11,"column":34}},"loc":{"start":{"line":11,"column":39},"end":{"line":15,"column":1}},"line":11},"2":{"name":"(anonymous_2)","decl":{"start":{"line":12,"column":8},"end":{"line":12,"column":9}},"loc":{"start":{"line":12,"column":28},"end":{"line":14,"column":2}},"line":12},"3":{"name":"(anonymous_3)","decl":{"start":{"line":17,"column":17},"end":{"line":17,"column":18}},"loc":{"start":{"line":17,"column":34},"end":{"line":22,"column":1}},"line":17},"4":{"name":"(anonymous_4)","decl":{"start":{"line":24,"column":32},"end":{"line":24,"column":33}},"loc":{"start":{"line":24,"column":43},"end":{"line":28,"column":1}},"line":24},"5":{"name":"(anonymous_5)","decl":{"start":{"line":25,"column":8},"end":{"line":25,"column":9}},"loc":{"start":{"line":25,"column":28},"end":{"line":27,"column":2}},"line":25},"6":{"name":"(anonymous_6)","decl":{"start":{"line":30,"column":19},"end":{"line":30,"column":20}},"loc":{"start":{"line":30,"column":43},"end":{"line":38,"column":1}},"line":30},"7":{"name":"(anonymous_7)","decl":{"start":{"line":40,"column":33},"end":{"line":40,"column":34}},"loc":{"start":{"line":40,"column":51},"end":{"line":44,"column":1}},"line":40},"8":{"name":"(anonymous_8)","decl":{"start":{"line":41,"column":8},"end":{"line":41,"column":9}},"loc":{"start":{"line":41,"column":28},"end":{"line":43,"column":2}},"line":41},"9":{"name":"(anonymous_9)","decl":{"start":{"line":46,"column":19},"end":{"line":46,"column":20}},"loc":{"start":{"line":46,"column":52},"end":{"line":54,"column":1}},"line":46},"10":{"name":"(anonymous_10)","decl":{"start":{"line":56,"column":34},"end":{"line":56,"column":35}},"loc":{"start":{"line":56,"column":61},"end":{"line":60,"column":1}},"line":56},"11":{"name":"(anonymous_11)","decl":{"start":{"line":57,"column":8},"end":{"line":57,"column":9}},"loc":{"start":{"line":57,"column":28},"end":{"line":59,"column":2}},"line":57},"12":{"name":"(anonymous_12)","decl":{"start":{"line":62,"column":17},"end":{"line":62,"column":18}},"loc":{"start":{"line":62,"column":29},"end":{"line":67,"column":1}},"line":62},"13":{"name":"(anonymous_13)","decl":{"start":{"line":69,"column":32},"end":{"line":69,"column":33}},"loc":{"start":{"line":69,"column":38},"end":{"line":73,"column":1}},"line":69},"14":{"name":"(anonymous_14)","decl":{"start":{"line":70,"column":8},"end":{"line":70,"column":9}},"loc":{"start":{"line":70,"column":28},"end":{"line":72,"column":2}},"line":70},"15":{"name":"(anonymous_15)","decl":{"start":{"line":75,"column":23},"end":{"line":75,"column":24}},"loc":{"start":{"line":75,"column":45},"end":{"line":87,"column":1}},"line":75},"16":{"name":"(anonymous_16)","decl":{"start":{"line":89,"column":38},"end":{"line":89,"column":39}},"loc":{"start":{"line":89,"column":54},"end":{"line":93,"column":1}},"line":89},"17":{"name":"(anonymous_17)","decl":{"start":{"line":90,"column":8},"end":{"line":90,"column":9}},"loc":{"start":{"line":90,"column":28},"end":{"line":92,"column":2}},"line":90}},"branchMap":{"0":{"loc":{"start":{"line":6,"column":1},"end":{"line":8,"column":2}},"type":"if","locations":[{"start":{"line":6,"column":1},"end":{"line":8,"column":2}},{"start":{},"end":{}}],"line":6},"1":{"loc":{"start":{"line":19,"column":1},"end":{"line":21,"column":2}},"type":"if","locations":[{"start":{"line":19,"column":1},"end":{"line":21,"column":2}},{"start":{},"end":{}}],"line":19},"2":{"loc":{"start":{"line":32,"column":1},"end":{"line":37,"column":2}},"type":"if","locations":[{"start":{"line":32,"column":1},"end":{"line":37,"column":2}},{"start":{},"end":{}}],"line":32},"3":{"loc":{"start":{"line":48,"column":1},"end":{"line":53,"column":2}},"type":"if","locations":[{"start":{"line":48,"column":1},"end":{"line":53,"column":2}},{"start":{},"end":{}}],"line":48},"4":{"loc":{"start":{"line":64,"column":1},"end":{"line":66,"column":2}},"type":"if","locations":[{"start":{"line":64,"column":1},"end":{"line":66,"column":2}},{"start":{},"end":{}}],"line":64},"5":{"loc":{"start":{"line":78,"column":1},"end":{"line":86,"column":2}},"type":"switch","locations":[{"start":{"line":79,"column":2},"end":{"line":80,"column":41}},{"start":{"line":81,"column":2},"end":{"line":82,"column":35}},{"start":{"line":83,"column":2},"end":{"line":84,"column":43}},{"start":{"line":85,"column":2},"end":{"line":85,"column":10}}],"line":78}},"s":{"0":2,"1":2,"2":0,"3":0,"4":2,"5":2,"6":2,"7":2,"8":0,"9":0,"10":0,"11":2,"12":0,"13":0,"14":2,"15":0,"16":0,"17":0,"18":2,"19":0,"20":0,"21":2,"22":0,"23":0,"24":0,"25":2,"26":0,"27":0,"28":2,"29":0,"30":0,"31":0,"32":2,"33":0,"34":0,"35":2,"36":0,"37":0,"38":0,"39":0,"40":0,"41":2,"42":0,"43":0},"f":{"0":2,"1":2,"2":2,"3":0,"4":0,"5":0,"6":0,"7":0,"8":0,"9":0,"10":0,"11":0,"12":0,"13":0,"14":0,"15":0,"16":0,"17":0},"b":{"0":[0,0],"1":[0,0],"2":[0,0],"3":[0,0],"4":[0,0],"5":[0,0,0,0]},"_coverageSchema":"1a1c01bbd47fc00a2c39e90264f33305004495a9","hash":"12e64e2dc4106e5faf0a1371c10daf66380c4bab"}
,"C:\\Users\\Avira\\OneDrive\\שולחן העבודה\\js\\mondayU\\monday-u-exercises\\src\\ex4\\client\\src\\redux\\actions\\itemsViewActions.js": {"path":"C:\\Users\\Avira\\OneDrive\\שולחן העבודה\\js\\mondayU\\monday-u-exercises\\src\\ex4\\client\\src\\redux\\actions\\itemsViewActions.js","statementMap":{"0":{"start":{"line":3,"column":21},"end":{"line":5,"column":1}},"1":{"start":{"line":4,"column":1},"end":{"line":4,"column":61}},"2":{"start":{"line":7,"column":33},"end":{"line":11,"column":1}},"3":{"start":{"line":8,"column":1},"end":{"line":10,"column":3}},"4":{"start":{"line":9,"column":2},"end":{"line":9,"column":36}},"5":{"start":{"line":13,"column":18},"end":{"line":15,"column":1}},"6":{"start":{"line":14,"column":1},"end":{"line":14,"column":63}},"7":{"start":{"line":17,"column":33},"end":{"line":21,"column":1}},"8":{"start":{"line":18,"column":1},"end":{"line":20,"column":3}},"9":{"start":{"line":19,"column":2},"end":{"line":19,"column":35}},"10":{"start":{"line":23,"column":22},"end":{"line":25,"column":1}},"11":{"start":{"line":24,"column":1},"end":{"line":24,"column":58}},"12":{"start":{"line":27,"column":34},"end":{"line":31,"column":1}},"13":{"start":{"line":28,"column":1},"end":{"line":30,"column":3}},"14":{"start":{"line":29,"column":2},"end":{"line":29,"column":38}}},"fnMap":{"0":{"name":"(anonymous_0)","decl":{"start":{"line":3,"column":21},"end":{"line":3,"column":22}},"loc":{"start":{"line":3,"column":36},"end":{"line":5,"column":1}},"line":3},"1":{"name":"(anonymous_1)","decl":{"start":{"line":7,"column":33},"end":{"line":7,"column":34}},"loc":{"start":{"line":7,"column":48},"end":{"line":11,"column":1}},"line":7},"2":{"name":"(anonymous_2)","decl":{"start":{"line":8,"column":8},"end":{"line":8,"column":9}},"loc":{"start":{"line":8,"column":22},"end":{"line":10,"column":2}},"line":8},"3":{"name":"(anonymous_3)","decl":{"start":{"line":13,"column":18},"end":{"line":13,"column":19}},"loc":{"start":{"line":13,"column":35},"end":{"line":15,"column":1}},"line":13},"4":{"name":"(anonymous_4)","decl":{"start":{"line":17,"column":33},"end":{"line":17,"column":34}},"loc":{"start":{"line":17,"column":50},"end":{"line":21,"column":1}},"line":17},"5":{"name":"(anonymous_5)","decl":{"start":{"line":18,"column":8},"end":{"line":18,"column":9}},"loc":{"start":{"line":18,"column":22},"end":{"line":20,"column":2}},"line":18},"6":{"name":"(anonymous_6)","decl":{"start":{"line":23,"column":22},"end":{"line":23,"column":23}},"loc":{"start":{"line":23,"column":38},"end":{"line":25,"column":1}},"line":23},"7":{"name":"(anonymous_7)","decl":{"start":{"line":27,"column":34},"end":{"line":27,"column":35}},"loc":{"start":{"line":27,"column":50},"end":{"line":31,"column":1}},"line":27},"8":{"name":"(anonymous_8)","decl":{"start":{"line":28,"column":8},"end":{"line":28,"column":9}},"loc":{"start":{"line":28,"column":22},"end":{"line":30,"column":2}},"line":28}},"branchMap":{},"s":{"0":2,"1":0,"2":2,"3":0,"4":0,"5":2,"6":0,"7":2,"8":0,"9":0,"10":2,"11":2,"12":2,"13":2,"14":2},"f":{"0":0,"1":0,"2":0,"3":0,"4":0,"5":0,"6":2,"7":2,"8":2},"b":{},"_coverageSchema":"1a1c01bbd47fc00a2c39e90264f33305004495a9","hash":"9590a1b75fad2d98c77512697682d143b378552d"}
,"C:\\Users\\Avira\\OneDrive\\שולחן העבודה\\js\\mondayU\\monday-u-exercises\\src\\ex4\\client\\src\\redux\\actions\\constants\\index.js": {"path":"C:\\Users\\Avira\\OneDrive\\שולחן העבודה\\js\\mondayU\\monday-u-exercises\\src\\ex4\\client\\src\\redux\\actions\\constants\\index.js","statementMap":{"0":{"start":{"line":1,"column":16},"end":{"line":9,"column":1}}},"fnMap":{},"branchMap":{},"s":{"0":3},"f":{},"b":{},"_coverageSchema":"1a1c01bbd47fc00a2c39e90264f33305004495a9","hash":"0fc6e97766fa1841bdafa84d769f0b663603ed52"}
,"C:\\Users\\Avira\\OneDrive\\שולחן העבודה\\js\\mondayU\\monday-u-exercises\\src\\ex4\\client\\src\\redux\\reducers\\index.js": {"path":"C:\\Users\\Avira\\OneDrive\\שולחן העבודה\\js\\mondayU\\monday-u-exercises\\src\\ex4\\client\\src\\redux\\reducers\\index.js","statementMap":{"0":{"start":{"line":5,"column":20},"end":{"line":8,"column":2}}},"fnMap":{},"branchMap":{},"s":{"0":2},"f":{},"b":{},"_coverageSchema":"1a1c01bbd47fc00a2c39e90264f33305004495a9","hash":"99e663dc4f8d4ff45711669fdd5c49a3ef9872ff"}
,"C:\\Users\\Avira\\OneDrive\\שולחן העבודה\\js\\mondayU\\monday-u-exercises\\src\\ex4\\client\\src\\redux\\reducers\\items-entities-reducer.js": {"path":"C:\\Users\\Avira\\OneDrive\\שולחן העבודה\\js\\mondayU\\monday-u-exercises\\src\\ex4\\client\\src\\redux\\reducers\\items-entities-reducer.js","statementMap":{"0":{"start":{"line":3,"column":21},"end":{"line":6,"column":1}},"1":{"start":{"line":8,"column":29},"end":{"line":63,"column":1}},"2":{"start":{"line":9,"column":1},"end":{"line":62,"column":2}},"3":{"start":{"line":11,"column":3},"end":{"line":11,"column":46}},"4":{"start":{"line":14,"column":3},"end":{"line":22,"column":5}},"5":{"start":{"line":25,"column":23},"end":{"line":27,"column":4}},"6":{"start":{"line":26,"column":14},"end":{"line":26,"column":47}},"7":{"start":{"line":28,"column":3},"end":{"line":37,"column":5}},"8":{"start":{"line":40,"column":29},"end":{"line":42,"column":4}},"9":{"start":{"line":41,"column":14},"end":{"line":41,"column":43}},"10":{"start":{"line":43,"column":24},"end":{"line":43,"column":67}},"11":{"start":{"line":44,"column":26},"end":{"line":44,"column":45}},"12":{"start":{"line":45,"column":3},"end":{"line":45,"column":47}},"13":{"start":{"line":46,"column":3},"end":{"line":46,"column":51}},"14":{"start":{"line":47,"column":3},"end":{"line":47,"column":58}},"15":{"start":{"line":48,"column":20},"end":{"line":57,"column":4}},"16":{"start":{"line":59,"column":3},"end":{"line":59,"column":19}},"17":{"start":{"line":61,"column":3},"end":{"line":61,"column":16}}},"fnMap":{"0":{"name":"(anonymous_0)","decl":{"start":{"line":8,"column":29},"end":{"line":8,"column":30}},"loc":{"start":{"line":8,"column":63},"end":{"line":63,"column":1}},"line":8},"1":{"name":"(anonymous_1)","decl":{"start":{"line":26,"column":4},"end":{"line":26,"column":5}},"loc":{"start":{"line":26,"column":14},"end":{"line":26,"column":47}},"line":26},"2":{"name":"(anonymous_2)","decl":{"start":{"line":41,"column":4},"end":{"line":41,"column":5}},"loc":{"start":{"line":41,"column":14},"end":{"line":41,"column":43}},"line":41}},"branchMap":{"0":{"loc":{"start":{"line":8,"column":30},"end":{"line":8,"column":50}},"type":"default-arg","locations":[{"start":{"line":8,"column":38},"end":{"line":8,"column":50}}],"line":8},"1":{"loc":{"start":{"line":9,"column":1},"end":{"line":62,"column":2}},"type":"switch","locations":[{"start":{"line":10,"column":2},"end":{"line":11,"column":46}},{"start":{"line":13,"column":2},"end":{"line":22,"column":5}},{"start":{"line":24,"column":2},"end":{"line":37,"column":5}},{"start":{"line":39,"column":2},"end":{"line":59,"column":19}},{"start":{"line":60,"column":2},"end":{"line":61,"column":16}}],"line":9},"2":{"loc":{"start":{"line":32,"column":13},"end":{"line":32,"column":55}},"type":"binary-expr","locations":[{"start":{"line":32,"column":13},"end":{"line":32,"column":30}},{"start":{"line":32,"column":34},"end":{"line":32,"column":55}}],"line":32}},"s":{"0":3,"1":3,"2":12,"3":2,"4":1,"5":0,"6":0,"7":0,"8":0,"9":0,"10":0,"11":0,"12":0,"13":0,"14":0,"15":0,"16":0,"17":9},"f":{"0":12,"1":0,"2":0},"b":{"0":[7],"1":[2,1,0,0,9],"2":[0,0]},"_coverageSchema":"1a1c01bbd47fc00a2c39e90264f33305004495a9","hash":"b9f4b643c6520eb8a8270ec6abf0a6e5b56583c8"}
,"C:\\Users\\Avira\\OneDrive\\שולחן העבודה\\js\\mondayU\\monday-u-exercises\\src\\ex4\\client\\src\\redux\\reducers\\items-view-reducer.js": {"path":"C:\\Users\\Avira\\OneDrive\\שולחן העבודה\\js\\mondayU\\monday-u-exercises\\src\\ex4\\client\\src\\redux\\reducers\\items-view-reducer.js","statementMap":{"0":{"start":{"line":3,"column":21},"end":{"line":7,"column":1}},"1":{"start":{"line":9,"column":25},"end":{"line":23,"column":1}},"2":{"start":{"line":10,"column":1},"end":{"line":22,"column":2}},"3":{"start":{"line":12,"column":3},"end":{"line":12,"column":50}},"4":{"start":{"line":15,"column":3},"end":{"line":15,"column":50}},"5":{"start":{"line":18,"column":13},"end":{"line":18,"column":53}},"6":{"start":{"line":19,"column":3},"end":{"line":19,"column":12}},"7":{"start":{"line":21,"column":3},"end":{"line":21,"column":16}}},"fnMap":{"0":{"name":"(anonymous_0)","decl":{"start":{"line":9,"column":25},"end":{"line":9,"column":26}},"loc":{"start":{"line":9,"column":59},"end":{"line":23,"column":1}},"line":9}},"branchMap":{"0":{"loc":{"start":{"line":9,"column":26},"end":{"line":9,"column":46}},"type":"default-arg","locations":[{"start":{"line":9,"column":34},"end":{"line":9,"column":46}}],"line":9},"1":{"loc":{"start":{"line":10,"column":1},"end":{"line":22,"column":2}},"type":"switch","locations":[{"start":{"line":11,"column":2},"end":{"line":12,"column":50}},{"start":{"line":14,"column":2},"end":{"line":15,"column":50}},{"start":{"line":17,"column":2},"end":{"line":19,"column":12}},{"start":{"line":20,"column":2},"end":{"line":21,"column":16}}],"line":10}},"s":{"0":2,"1":2,"2":8,"3":0,"4":0,"5":2,"6":2,"7":6},"f":{"0":8},"b":{"0":[6],"1":[0,0,2,6]},"_coverageSchema":"1a1c01bbd47fc00a2c39e90264f33305004495a9","hash":"1f53494c1e6d73ecd78f89beb563acc31330b437"}
,"C:\\Users\\Avira\\OneDrive\\שולחן העבודה\\js\\mondayU\\monday-u-exercises\\src\\ex4\\client\\src\\redux\\selectors\\items-entities-selectors.js": {"path":"C:\\Users\\Avira\\OneDrive\\שולחן העבודה\\js\\mondayU\\monday-u-exercises\\src\\ex4\\client\\src\\redux\\selectors\\items-entities-selectors.js","statementMap":{"0":{"start":{"line":1,"column":25},"end":{"line":1,"column":55}},"1":{"start":{"line":1,"column":36},"end":{"line":1,"column":55}},"2":{"start":{"line":2,"column":24},"end":{"line":2,"column":64}},"3":{"start":{"line":2,"column":35},"end":{"line":2,"column":64}},"4":{"start":{"line":3,"column":29},"end":{"line":3,"column":74}},"5":{"start":{"line":3,"column":40},"end":{"line":3,"column":74}}},"fnMap":{"0":{"name":"(anonymous_0)","decl":{"start":{"line":1,"column":25},"end":{"line":1,"column":26}},"loc":{"start":{"line":1,"column":36},"end":{"line":1,"column":55}},"line":1},"1":{"name":"(anonymous_1)","decl":{"start":{"line":2,"column":24},"end":{"line":2,"column":25}},"loc":{"start":{"line":2,"column":35},"end":{"line":2,"column":64}},"line":2},"2":{"name":"(anonymous_2)","decl":{"start":{"line":3,"column":29},"end":{"line":3,"column":30}},"loc":{"start":{"line":3,"column":40},"end":{"line":3,"column":74}},"line":3}},"branchMap":{},"s":{"0":2,"1":12,"2":2,"3":8,"4":2,"5":4},"f":{"0":12,"1":8,"2":4},"b":{},"_coverageSchema":"1a1c01bbd47fc00a2c39e90264f33305004495a9","hash":"f4aa2731fb3a65b4c0448d55fd4c8f2e820a2247"}
,"C:\\Users\\Avira\\OneDrive\\שולחן העבודה\\js\\mondayU\\monday-u-exercises\\src\\ex4\\client\\src\\redux\\selectors\\items-view-selectors.js": {"path":"C:\\Users\\Avira\\OneDrive\\שולחן העבודה\\js\\mondayU\\monday-u-exercises\\src\\ex4\\client\\src\\redux\\selectors\\items-view-selectors.js","statementMap":{"0":{"start":{"line":1,"column":28},"end":{"line":1,"column":54}},"1":{"start":{"line":1,"column":39},"end":{"line":1,"column":54}},"2":{"start":{"line":2,"column":28},"end":{"line":2,"column":68}},"3":{"start":{"line":2,"column":39},"end":{"line":2,"column":68}},"4":{"start":{"line":3,"column":28},"end":{"line":3,"column":68}},"5":{"start":{"line":3,"column":39},"end":{"line":3,"column":68}},"6":{"start":{"line":4,"column":29},"end":{"line":4,"column":70}},"7":{"start":{"line":4,"column":40},"end":{"line":4,"column":70}}},"fnMap":{"0":{"name":"(anonymous_0)","decl":{"start":{"line":1,"column":28},"end":{"line":1,"column":29}},"loc":{"start":{"line":1,"column":39},"end":{"line":1,"column":54}},"line":1},"1":{"name":"(anonymous_1)","decl":{"start":{"line":2,"column":28},"end":{"line":2,"column":29}},"loc":{"start":{"line":2,"column":39},"end":{"line":2,"column":68}},"line":2},"2":{"name":"(anonymous_2)","decl":{"start":{"line":3,"column":28},"end":{"line":3,"column":29}},"loc":{"start":{"line":3,"column":39},"end":{"line":3,"column":68}},"line":3},"3":{"name":"(anonymous_3)","decl":{"start":{"line":4,"column":29},"end":{"line":4,"column":30}},"loc":{"start":{"line":4,"column":40},"end":{"line":4,"column":70}},"line":4}},"branchMap":{},"s":{"0":2,"1":4,"2":2,"3":4,"4":2,"5":0,"6":2,"7":0},"f":{"0":4,"1":4,"2":0,"3":0},"b":{},"_coverageSchema":"1a1c01bbd47fc00a2c39e90264f33305004495a9","hash":"2c511457bf4540b8f86c39dfaeb293711cf12752"}
}
