TN:
SF:src\App.jsx
FN:3,App
FNF:1
FNH:1
FNDA:1,App
DA:4,1
LF:1
LH:1
BRF:0
BRH:0
end_of_record
TN:
SF:src\index.js
FNF:0
FNH:0
DA:9,0
DA:10,0
DA:19,0
LF:3
LH:0
BRF:0
BRH:0
end_of_record
TN:
SF:src\item_client.js
FN:3,(anonymous_0)
FN:11,(anonymous_1)
FN:23,(anonymous_2)
FN:37,(anonymous_3)
FN:47,(anonymous_4)
FNF:5
FNH:1
FNDA:2,(anonymous_0)
FNDA:0,(anonymous_1)
FNDA:0,(anonymous_2)
FNDA:0,(anonymous_3)
FNDA:0,(anonymous_4)
DA:3,2
DA:4,2
DA:5,0
DA:11,2
DA:12,0
DA:17,0
DA:23,2
DA:24,0
DA:31,0
DA:37,2
DA:38,0
DA:44,0
DA:47,2
DA:48,0
DA:54,0
DA:57,2
LF:16
LH:7
BRF:0
BRH:0
end_of_record
TN:
SF:src\reportWebVitals.js
FN:1,(anonymous_0)
FN:3,(anonymous_1)
FNF:2
FNH:0
FNDA:0,(anonymous_0)
FNDA:0,(anonymous_1)
DA:1,0
DA:2,0
DA:3,0
DA:4,0
DA:5,0
DA:6,0
DA:7,0
DA:8,0
LF:8
LH:0
BRDA:2,0,0,0
BRDA:2,0,1,0
BRDA:2,1,0,0
BRDA:2,1,1,0
BRF:4
BRH:0
end_of_record
TN:
SF:src\store.js
FNF:0
FNH:0
DA:5,2
LF:1
LH:1
BRF:0
BRH:0
end_of_record
TN:
SF:src\components\buttonComp\ButtonComp.jsx
FN:3,ButtonComp
FN:4,(anonymous_1)
FN:8,(anonymous_2)
FNF:3
FNH:2
FNDA:11,ButtonComp
FNDA:11,(anonymous_1)
FNDA:0,(anonymous_2)
DA:4,11
DA:5,11
DA:9,0
DA:10,0
DA:18,11
LF:5
LH:3
BRF:0
BRH:0
end_of_record
TN:
SF:src\components\inputComp\InputComp.jsx
FN:8,InputComp
FN:16,(anonymous_1)
FN:24,(anonymous_2)
FN:32,(anonymous_3)
FN:42,(anonymous_4)
FN:45,(anonymous_5)
FN:53,(anonymous_6)
FNF:7
FNH:2
FNDA:2,InputComp
FNDA:0,(anonymous_1)
FNDA:0,(anonymous_2)
FNDA:2,(anonymous_3)
FNDA:0,(anonymous_4)
FNDA:0,(anonymous_5)
FNDA:0,(anonymous_6)
DA:13,2
DA:14,2
DA:16,2
DA:17,0
DA:18,0
DA:19,0
DA:20,0
DA:23,2
DA:25,0
DA:26,0
DA:32,2
DA:33,2
DA:36,2
DA:43,0
DA:45,0
DA:53,0
LF:16
LH:7
BRDA:25,0,0,0
BRDA:25,0,1,0
BRDA:25,1,0,0
BRDA:25,1,1,0
BRDA:25,1,2,0
BRF:5
BRH:0
end_of_record
TN:
SF:src\components\inputComp\InputCompConnector.js
FN:10,(anonymous_0)
FN:14,(anonymous_1)
FNF:2
FNH:2
FNDA:4,(anonymous_0)
FNDA:2,(anonymous_1)
DA:10,2
DA:11,4
DA:14,2
DA:15,2
LF:4
LH:4
BRF:0
BRH:0
end_of_record
TN:
SF:src\components\itemComp\ItemComp.jsx
FN:12,ItemComp
FN:16,(anonymous_1)
FN:21,(anonymous_2)
FN:27,(anonymous_3)
FN:36,(anonymous_4)
FN:46,(anonymous_5)
FN:50,(anonymous_6)
FN:63,(anonymous_7)
FN:67,(anonymous_8)
FN:77,(anonymous_9)
FNF:10
FNH:4
FNDA:9,ItemComp
FNDA:0,(anonymous_1)
FNDA:0,(anonymous_2)
FNDA:0,(anonymous_3)
FNDA:0,(anonymous_4)
FNDA:9,(anonymous_5)
FNDA:0,(anonymous_6)
FNDA:5,(anonymous_7)
FNDA:0,(anonymous_8)
FNDA:9,(anonymous_9)
DA:13,9
DA:14,9
DA:16,9
DA:17,0
DA:21,0
DA:28,0
DA:37,0
DA:38,0
DA:46,9
DA:47,9
DA:50,0
DA:63,9
DA:64,5
DA:68,0
DA:69,0
DA:70,0
DA:77,9
DA:78,9
DA:86,9
LF:19
LH:10
BRDA:81,0,0,0
BRDA:81,0,1,9
BRF:2
BRH:1
end_of_record
TN:
SF:src\components\itemsComp\ItemsComp.jsx
FN:8,ItemsComp
FN:16,(anonymous_1)
FN:18,(anonymous_2)
FN:24,(anonymous_3)
FN:32,(anonymous_4)
FN:35,(anonymous_5)
FN:40,(anonymous_6)
FNF:7
FNH:6
FNDA:5,ItemsComp
FNDA:3,(anonymous_1)
FNDA:2,(anonymous_2)
FNDA:2,(anonymous_3)
FNDA:5,(anonymous_4)
FNDA:7,(anonymous_5)
FNDA:0,(anonymous_6)
DA:14,5
DA:16,5
DA:17,3
DA:18,1
DA:19,2
DA:21,1
DA:22,2
DA:23,1
DA:24,2
DA:26,1
DA:28,1
DA:32,5
DA:33,5
DA:36,7
DA:41,0
DA:54,5
LF:16
LH:15
BRDA:17,0,0,1
BRDA:17,0,1,2
BRDA:17,1,0,3
BRDA:17,1,1,2
BRDA:22,2,0,1
BRDA:22,2,1,1
BRDA:43,3,0,0
BRDA:43,3,1,0
BRF:8
BRH:6
end_of_record
TN:
SF:src\components\itemsComp\ItemsCompConnector.js
FN:11,(anonymous_0)
FN:17,(anonymous_1)
FNF:2
FNH:0
FNDA:0,(anonymous_0)
FNDA:0,(anonymous_1)
DA:11,2
DA:12,0
DA:13,0
DA:14,0
DA:17,2
DA:18,0
LF:6
LH:2
BRF:0
BRH:0
end_of_record
TN:
SF:src\components\numOfItemsComp\NumOfItemsComp.jsx
FN:3,NumOfItemsComp
FN:4,(anonymous_1)
FNF:2
FNH:2
FNDA:2,NumOfItemsComp
FNDA:2,(anonymous_1)
DA:4,2
DA:5,2
DA:7,2
LF:3
LH:3
BRF:0
BRH:0
end_of_record
TN:
SF:src\components\numOfItemsComp\NumOfItemsCompConnector.js
FN:6,(anonymous_0)
FN:11,(anonymous_1)
FNF:2
FNH:2
FNDA:4,(anonymous_0)
FNDA:2,(anonymous_1)
DA:6,2
DA:7,4
DA:8,4
DA:11,2
DA:12,2
LF:5
LH:5
BRF:0
BRH:0
end_of_record
TN:
SF:src\components\todoListComp\TodoListComp.jsx
FN:11,TodoListComp
FN:22,(anonymous_1)
FN:24,(anonymous_2)
FN:27,(anonymous_3)
FN:30,(anonymous_4)
FN:31,(anonymous_5)
FN:38,(anonymous_6)
FN:43,(anonymous_7)
FN:53,(anonymous_8)
FN:65,(anonymous_9)
FN:76,(anonymous_10)
FN:80,(anonymous_11)
FN:94,(anonymous_12)
FN:105,(anonymous_13)
FNF:14
FNH:9
FNDA:4,TodoListComp
FNDA:2,(anonymous_1)
FNDA:0,(anonymous_2)
FNDA:2,(anonymous_3)
FNDA:2,(anonymous_4)
FNDA:2,(anonymous_5)
FNDA:0,(anonymous_6)
FNDA:2,(anonymous_7)
FNDA:4,(anonymous_8)
FNDA:0,(anonymous_9)
FNDA:0,(anonymous_10)
FNDA:0,(anonymous_11)
FNDA:4,(anonymous_12)
FNDA:4,(anonymous_13)
DA:20,4
DA:22,4
DA:23,2
DA:24,2
DA:25,0
DA:27,2
DA:30,4
DA:31,2
DA:32,2
DA:33,0
DA:35,2
DA:38,4
DA:39,0
DA:42,4
DA:43,2
DA:53,4
DA:54,4
DA:66,0
DA:76,4
DA:77,0
DA:80,4
DA:81,0
DA:94,4
DA:95,4
DA:105,4
DA:106,4
DA:125,4
LF:27
LH:21
BRDA:59,0,0,4
BRDA:59,0,1,0
BRDA:109,1,0,4
BRDA:109,1,1,0
BRDA:111,2,0,0
BRDA:111,2,1,0
BRF:6
BRH:2
end_of_record
TN:
SF:src\components\todoListComp\TodoListCompConnector.js
FN:19,(anonymous_0)
FN:26,(anonymous_1)
FNF:2
FNH:2
FNDA:4,(anonymous_0)
FNDA:2,(anonymous_1)
DA:19,2
DA:20,4
DA:21,4
DA:22,4
DA:23,4
DA:26,2
DA:27,2
LF:7
LH:7
BRF:0
BRH:0
end_of_record
TN:
SF:src\redux\actions\itemsEntitiesActions.js
FN:4,(anonymous_0)
FN:11,(anonymous_1)
FN:12,(anonymous_2)
FN:17,(anonymous_3)
FN:24,(anonymous_4)
FN:25,(anonymous_5)
FN:30,(anonymous_6)
FN:40,(anonymous_7)
FN:41,(anonymous_8)
FN:46,(anonymous_9)
FN:56,(anonymous_10)
FN:57,(anonymous_11)
FN:62,(anonymous_12)
FN:69,(anonymous_13)
FN:70,(anonymous_14)
FN:75,(anonymous_15)
FN:89,(anonymous_16)
FN:90,(anonymous_17)
FNF:18
FNH:3
FNDA:2,(anonymous_0)
FNDA:2,(anonymous_1)
FNDA:2,(anonymous_2)
FNDA:0,(anonymous_3)
FNDA:0,(anonymous_4)
FNDA:0,(anonymous_5)
FNDA:0,(anonymous_6)
FNDA:0,(anonymous_7)
FNDA:0,(anonymous_8)
FNDA:0,(anonymous_9)
FNDA:0,(anonymous_10)
FNDA:0,(anonymous_11)
FNDA:0,(anonymous_12)
FNDA:0,(anonymous_13)
FNDA:0,(anonymous_14)
FNDA:0,(anonymous_15)
FNDA:0,(anonymous_16)
FNDA:0,(anonymous_17)
DA:4,2
DA:5,2
DA:6,0
DA:7,0
DA:11,2
DA:12,2
DA:13,2
DA:17,2
DA:18,0
DA:19,0
DA:20,0
DA:24,2
DA:25,0
DA:26,0
DA:30,2
DA:31,0
DA:32,0
DA:33,0
DA:40,2
DA:41,0
DA:42,0
DA:46,2
DA:47,0
DA:48,0
DA:49,0
DA:56,2
DA:57,0
DA:58,0
DA:62,2
DA:63,0
DA:64,0
DA:65,0
DA:69,2
DA:70,0
DA:71,0
DA:75,2
DA:76,0
DA:78,0
DA:80,0
DA:82,0
DA:84,0
DA:89,2
DA:90,0
DA:91,0
LF:44
LH:15
BRDA:6,0,0,0
BRDA:6,0,1,0
BRDA:19,1,0,0
BRDA:19,1,1,0
BRDA:32,2,0,0
BRDA:32,2,1,0
BRDA:48,3,0,0
BRDA:48,3,1,0
BRDA:64,4,0,0
BRDA:64,4,1,0
BRDA:78,5,0,0
BRDA:78,5,1,0
BRDA:78,5,2,0
BRDA:78,5,3,0
BRF:14
BRH:0
end_of_record
TN:
SF:src\redux\actions\itemsViewActions.js
FN:3,(anonymous_0)
FN:7,(anonymous_1)
FN:8,(anonymous_2)
FN:13,(anonymous_3)
FN:17,(anonymous_4)
FN:18,(anonymous_5)
FN:23,(anonymous_6)
FN:27,(anonymous_7)
FN:28,(anonymous_8)
FNF:9
FNH:3
FNDA:0,(anonymous_0)
FNDA:0,(anonymous_1)
FNDA:0,(anonymous_2)
FNDA:0,(anonymous_3)
FNDA:0,(anonymous_4)
FNDA:0,(anonymous_5)
FNDA:2,(anonymous_6)
FNDA:2,(anonymous_7)
FNDA:2,(anonymous_8)
DA:3,2
DA:4,0
DA:7,2
DA:8,0
DA:9,0
DA:13,2
DA:14,0
DA:17,2
DA:18,0
DA:19,0
DA:23,2
DA:24,2
DA:27,2
DA:28,2
DA:29,2
LF:15
LH:9
BRF:0
BRH:0
end_of_record
TN:
SF:src\redux\actions\constants\index.js
FNF:0
FNH:0
DA:1,3
LF:1
LH:1
BRF:0
BRH:0
end_of_record
TN:
SF:src\redux\reducers\index.js
FNF:0
FNH:0
DA:5,2
LF:1
LH:1
BRF:0
BRH:0
end_of_record
TN:
SF:src\redux\reducers\items-entities-reducer.js
FN:8,(anonymous_0)
FN:26,(anonymous_1)
FN:41,(anonymous_2)
FNF:3
FNH:1
FNDA:12,(anonymous_0)
FNDA:0,(anonymous_1)
FNDA:0,(anonymous_2)
DA:3,3
DA:8,3
DA:9,12
DA:11,2
DA:14,1
DA:25,0
DA:26,0
DA:28,0
DA:40,0
DA:41,0
DA:43,0
DA:44,0
DA:45,0
DA:46,0
DA:47,0
DA:48,0
DA:59,0
DA:61,9
LF:18
LH:6
BRDA:8,0,0,7
BRDA:9,1,0,2
BRDA:9,1,1,1
BRDA:9,1,2,0
BRDA:9,1,3,0
BRDA:9,1,4,9
BRDA:32,2,0,0
BRDA:32,2,1,0
BRF:8
BRH:4
end_of_record
TN:
SF:src\redux\reducers\items-view-reducer.js
FN:9,(anonymous_0)
FNF:1
FNH:1
FNDA:8,(anonymous_0)
DA:3,2
DA:9,2
DA:10,8
DA:12,0
DA:15,0
DA:18,2
DA:19,2
DA:21,6
LF:8
LH:6
BRDA:9,0,0,6
BRDA:10,1,0,0
BRDA:10,1,1,0
BRDA:10,1,2,2
BRDA:10,1,3,6
BRF:5
BRH:3
end_of_record
TN:
SF:src\redux\selectors\items-entities-selectors.js
FN:1,(anonymous_0)
FN:2,(anonymous_1)
FN:3,(anonymous_2)
FNF:3
FNH:3
FNDA:12,(anonymous_0)
FNDA:8,(anonymous_1)
FNDA:4,(anonymous_2)
DA:1,12
DA:2,8
DA:3,4
LF:3
LH:3
BRF:0
BRH:0
end_of_record
TN:
SF:src\redux\selectors\items-view-selectors.js
FN:1,(anonymous_0)
FN:2,(anonymous_1)
FN:3,(anonymous_2)
FN:4,(anonymous_3)
FNF:4
FNH:2
FNDA:4,(anonymous_0)
FNDA:4,(anonymous_1)
FNDA:0,(anonymous_2)
FNDA:0,(anonymous_3)
DA:1,4
DA:2,4
DA:3,2
DA:4,2
LF:4
LH:4
BRF:0
BRH:0
end_of_record
